2023-10-08 01:57:52,128 [INFO] com.feedback.GrievanceManagementSystemApplication [restartedMain] Starting GrievanceManagementSystemApplication using Java 17.0.7 on DESKTOP-GHO4VQH with PID 41976 (C:\Users\jagat\OneDrive\Desktop\CapstronProject\sprint6.3\Grivence Mgt System BackEnd\GrievanceManagementSystem\target\classes started by jagat in C:\Users\jagat\OneDrive\Desktop\CapstronProject\sprint6.3\Grivence Mgt System BackEnd\GrievanceManagementSystem) 
2023-10-08 01:57:52,131 [INFO] com.feedback.GrievanceManagementSystemApplication [restartedMain] No active profile set, falling back to 1 default profile: "default" 
2023-10-08 01:57:52,169 [INFO] org.springframework.boot.devtools.env.DevToolsPropertyDefaultsPostProcessor [restartedMain] Devtools property defaults active! Set 'spring.devtools.add-properties' to 'false' to disable 
2023-10-08 01:57:52,169 [INFO] org.springframework.boot.devtools.env.DevToolsPropertyDefaultsPostProcessor [restartedMain] For additional web related logging consider setting the 'logging.level.web' property to 'DEBUG' 
2023-10-08 01:57:52,689 [INFO] org.springframework.data.repository.config.RepositoryConfigurationDelegate [restartedMain] Bootstrapping Spring Data JPA repositories in DEFAULT mode. 
2023-10-08 01:57:52,735 [INFO] org.springframework.data.repository.config.RepositoryConfigurationDelegate [restartedMain] Finished Spring Data repository scanning in 41 ms. Found 4 JPA repository interfaces. 
2023-10-08 01:57:53,129 [INFO] org.springframework.boot.web.embedded.tomcat.TomcatWebServer [restartedMain] Tomcat initialized with port(s): 8080 (http) 
2023-10-08 01:57:53,136 [INFO] org.apache.catalina.core.StandardService [restartedMain] Starting service [Tomcat] 
2023-10-08 01:57:53,137 [INFO] org.apache.catalina.core.StandardEngine [restartedMain] Starting Servlet engine: [Apache Tomcat/9.0.78] 
2023-10-08 01:57:53,183 [INFO] org.apache.catalina.core.ContainerBase.[Tomcat].[localhost].[/] [restartedMain] Initializing Spring embedded WebApplicationContext 
2023-10-08 01:57:53,183 [INFO] org.springframework.boot.web.servlet.context.ServletWebServerApplicationContext [restartedMain] Root WebApplicationContext: initialization completed in 1014 ms 
2023-10-08 01:57:53,268 [INFO] org.hibernate.jpa.internal.util.LogHelper [restartedMain] HHH000204: Processing PersistenceUnitInfo [name: default] 
2023-10-08 01:57:53,303 [INFO] org.hibernate.Version [restartedMain] HHH000412: Hibernate ORM core version 5.6.15.Final 
2023-10-08 01:57:53,418 [INFO] org.hibernate.annotations.common.Version [restartedMain] HCANN000001: Hibernate Commons Annotations {5.1.2.Final} 
2023-10-08 01:57:53,485 [INFO] com.zaxxer.hikari.HikariDataSource [restartedMain] HikariPool-1 - Starting... 
2023-10-08 01:57:53,611 [INFO] com.zaxxer.hikari.HikariDataSource [restartedMain] HikariPool-1 - Start completed. 
2023-10-08 01:57:53,622 [INFO] org.hibernate.dialect.Dialect [restartedMain] HHH000400: Using dialect: org.hibernate.dialect.PostgreSQLDialect 
2023-10-08 01:57:54,219 [INFO] org.hibernate.engine.transaction.jta.platform.internal.JtaPlatformInitiator [restartedMain] HHH000490: Using JtaPlatform implementation: [org.hibernate.engine.transaction.jta.platform.internal.NoJtaPlatform] 
2023-10-08 01:57:54,230 [INFO] org.springframework.orm.jpa.LocalContainerEntityManagerFactoryBean [restartedMain] Initialized JPA EntityManagerFactory for persistence unit 'default' 
2023-10-08 01:57:54,430 [INFO] org.springframework.boot.web.servlet.RegistrationBean [restartedMain] Filter authenticationFilter was not registered (possibly already registered?) 
2023-10-08 01:57:54,653 [WARN] org.springframework.boot.autoconfigure.orm.jpa.JpaBaseConfiguration$JpaWebConfiguration [restartedMain] spring.jpa.open-in-view is enabled by default. Therefore, database queries may be performed during view rendering. Explicitly configure spring.jpa.open-in-view to disable this warning 
2023-10-08 01:57:54,900 [INFO] org.springframework.boot.devtools.autoconfigure.OptionalLiveReloadServer [restartedMain] LiveReload server is running on port 35729 
2023-10-08 01:57:54,945 [INFO] org.springframework.boot.web.embedded.tomcat.TomcatWebServer [restartedMain] Tomcat started on port(s): 8080 (http) with context path '' 
2023-10-08 01:57:54,953 [INFO] com.feedback.GrievanceManagementSystemApplication [restartedMain] Started GrievanceManagementSystemApplication in 3.083 seconds (JVM running for 3.636) 
2023-10-08 01:58:04,659 [INFO] org.apache.catalina.core.ContainerBase.[Tomcat].[localhost].[/] [http-nio-8080-exec-1] Initializing Spring DispatcherServlet 'dispatcherServlet' 
2023-10-08 01:58:04,659 [INFO] org.springframework.web.servlet.DispatcherServlet [http-nio-8080-exec-1] Initializing Servlet 'dispatcherServlet' 
2023-10-08 01:58:04,660 [INFO] org.springframework.web.servlet.DispatcherServlet [http-nio-8080-exec-1] Completed initialization in 1 ms 
2023-10-08 01:58:04,747 [INFO] com.feedback.controller.TicketController [http-nio-8080-exec-2] ________get ticket controller________ 
2023-10-08 01:58:04,830 [INFO] com.feedback.serviceImplementation.TicketServiceImpl [http-nio-8080-exec-2] Ticket returned successfully. 
2023-10-08 01:58:04,830 [INFO] com.feedback.serviceImplementation.TicketServiceImpl [http-nio-8080-exec-2] Ticket returned successfully. 
2023-10-08 01:58:04,830 [INFO] com.feedback.serviceImplementation.TicketServiceImpl [http-nio-8080-exec-2] Ticket returned successfully. 
2023-10-08 01:58:04,830 [INFO] com.feedback.serviceImplementation.TicketServiceImpl [http-nio-8080-exec-2] Ticket returned successfully. 
2023-10-08 01:58:04,830 [INFO] com.feedback.serviceImplementation.TicketServiceImpl [http-nio-8080-exec-2] Ticket returned successfully. 
2023-10-08 01:58:04,835 [INFO] com.feedback.serviceImplementation.TicketServiceImpl [http-nio-8080-exec-2] Returned list of ticket. 
2023-10-08 01:58:33,908 [INFO] com.feedback.controller.UserController [http-nio-8080-exec-5] ___________change_password_____________ 
2023-10-08 01:58:33,908 [INFO] com.feedback.controller.UserController [http-nio-8080-exec-5] Change Password Conntroller 1 
2023-10-08 01:58:33,908 [INFO] com.feedback.serviceImplementation.UserServiceImpl [http-nio-8080-exec-5] User name = jme@nucleusteq.com 
2023-10-08 01:58:33,908 [INFO] com.feedback.serviceImplementation.UserServiceImpl [http-nio-8080-exec-5] Old Password = Sm1wdFpVQDEyMzQ1 
2023-10-08 01:58:33,909 [INFO] com.feedback.serviceImplementation.UserServiceImpl [http-nio-8080-exec-5] New Password = Sm1wdFpVQDEyMzQ1 
2023-10-08 01:58:33,909 [INFO] com.feedback.serviceImplementation.UserServiceImpl [http-nio-8080-exec-5] Confirm change Pass =  
2023-10-08 01:58:33,911 [INFO] com.feedback.serviceImplementation.UserServiceImpl [http-nio-8080-exec-5] Equal old and new Password = false 
2023-10-08 01:58:33,912 [INFO] com.feedback.serviceImplementation.UserServiceImpl [http-nio-8080-exec-5] Correct password = Sm1lQDEyMzQ= 
2023-10-08 01:58:33,912 [INFO] com.feedback.serviceImplementation.UserServiceImpl [http-nio-8080-exec-5] Incorrect old password. 
2023-10-08 01:58:33,912 [INFO] com.feedback.controller.UserController [http-nio-8080-exec-5] New Password = Incorrect old password. 
2023-10-08 01:59:29,676 [INFO] com.feedback.controller.UserController [http-nio-8080-exec-6] ___________change_password_____________ 
2023-10-08 01:59:29,676 [INFO] com.feedback.controller.UserController [http-nio-8080-exec-6] Change Password Conntroller 1 
2023-10-08 01:59:29,676 [INFO] com.feedback.serviceImplementation.UserServiceImpl [http-nio-8080-exec-6] User name = jme@nucleusteq.com 
2023-10-08 01:59:29,677 [INFO] com.feedback.serviceImplementation.UserServiceImpl [http-nio-8080-exec-6] Old Password = Sm1wdFpVQDEyMzQ1 
2023-10-08 01:59:29,677 [INFO] com.feedback.serviceImplementation.UserServiceImpl [http-nio-8080-exec-6] New Password = Sm1wdFpVQDEyMzQ1 
2023-10-08 01:59:29,677 [INFO] com.feedback.serviceImplementation.UserServiceImpl [http-nio-8080-exec-6] Confirm change Pass = Sm1wdFpVQDEyMzQ1 
2023-10-08 01:59:29,680 [INFO] com.feedback.serviceImplementation.UserServiceImpl [http-nio-8080-exec-6] Equal old and new Password = false 
2023-10-08 01:59:29,680 [INFO] com.feedback.serviceImplementation.UserServiceImpl [http-nio-8080-exec-6] Correct password = Sm1lQDEyMzQ= 
2023-10-08 01:59:29,680 [INFO] com.feedback.serviceImplementation.UserServiceImpl [http-nio-8080-exec-6] Incorrect old password. 
2023-10-08 01:59:29,680 [INFO] com.feedback.controller.UserController [http-nio-8080-exec-6] New Password = Incorrect old password. 
2023-10-08 02:00:01,864 [INFO] com.feedback.controller.UserController [http-nio-8080-exec-7] ___________change_password_____________ 
2023-10-08 02:00:01,864 [INFO] com.feedback.controller.UserController [http-nio-8080-exec-7] Change Password Conntroller 1 
2023-10-08 02:00:01,864 [INFO] com.feedback.serviceImplementation.UserServiceImpl [http-nio-8080-exec-7] User name = jme@nucleusteq.com 
2023-10-08 02:00:01,864 [INFO] com.feedback.serviceImplementation.UserServiceImpl [http-nio-8080-exec-7] Old Password = Sm1lQDEyMzQ= 
2023-10-08 02:00:01,864 [INFO] com.feedback.serviceImplementation.UserServiceImpl [http-nio-8080-exec-7] New Password = Sm1lQDEyMzQ= 
2023-10-08 02:00:01,864 [INFO] com.feedback.serviceImplementation.UserServiceImpl [http-nio-8080-exec-7] Confirm change Pass = Sm1lQDEyMzQ= 
2023-10-08 02:00:01,904 [INFO] com.feedback.serviceImplementation.UserServiceImpl [http-nio-8080-exec-7] Successfully changed password. 
2023-10-08 02:00:01,904 [INFO] com.feedback.controller.UserController [http-nio-8080-exec-7] New Password = Password changed successfully. 
2023-10-08 02:00:10,339 [INFO] com.feedback.controller.UserController [http-nio-8080-exec-8] ___________change_password_____________ 
2023-10-08 02:00:10,340 [INFO] com.feedback.controller.UserController [http-nio-8080-exec-8] Change Password Conntroller 1 
2023-10-08 02:00:10,340 [INFO] com.feedback.serviceImplementation.UserServiceImpl [http-nio-8080-exec-8] User name = jme@nucleusteq.com 
2023-10-08 02:00:10,340 [INFO] com.feedback.serviceImplementation.UserServiceImpl [http-nio-8080-exec-8] Old Password = Sm1lQDEyMzQ= 
2023-10-08 02:00:10,340 [INFO] com.feedback.serviceImplementation.UserServiceImpl [http-nio-8080-exec-8] New Password = Sm1lQDEyMzQ= 
2023-10-08 02:00:10,340 [INFO] com.feedback.serviceImplementation.UserServiceImpl [http-nio-8080-exec-8] Confirm change Pass =  
2023-10-08 02:00:10,344 [INFO] com.feedback.serviceImplementation.UserServiceImpl [http-nio-8080-exec-8] New Password and old does not match. 
2023-10-08 02:00:10,345 [INFO] com.feedback.controller.UserController [http-nio-8080-exec-8] New Password = newPassword does not match with confirm password 
2023-10-08 02:00:23,079 [INFO] com.feedback.controller.UserController [http-nio-8080-exec-9] ___________change_password_____________ 
2023-10-08 02:00:23,080 [INFO] com.feedback.controller.UserController [http-nio-8080-exec-9] Change Password Conntroller 1 
2023-10-08 02:00:23,080 [INFO] com.feedback.serviceImplementation.UserServiceImpl [http-nio-8080-exec-9] User name = jme@nucleusteq.com 
2023-10-08 02:00:23,080 [INFO] com.feedback.serviceImplementation.UserServiceImpl [http-nio-8080-exec-9] Old Password = Sm1lQDEyMzQ= 
2023-10-08 02:00:23,080 [INFO] com.feedback.serviceImplementation.UserServiceImpl [http-nio-8080-exec-9] New Password = Sm1lQDEyMzQ= 
2023-10-08 02:00:23,080 [INFO] com.feedback.serviceImplementation.UserServiceImpl [http-nio-8080-exec-9] Confirm change Pass = Sm1lQDEyMzQ= 
2023-10-08 02:00:23,086 [INFO] com.feedback.serviceImplementation.UserServiceImpl [http-nio-8080-exec-9] Successfully changed password. 
2023-10-08 02:00:23,087 [INFO] com.feedback.controller.UserController [http-nio-8080-exec-9] New Password = Password changed successfully. 
2023-10-08 02:00:28,345 [INFO] com.feedback.controller.DepartmentController [http-nio-8080-exec-10] _________ALL DEPT(page) CONTROLLER________ 
2023-10-08 02:00:28,355 [INFO] com.feedback.serviceImplementation.DepartmentServiceImpl [http-nio-8080-exec-10] Retured all Department, successsull 
2023-10-08 02:00:33,989 [INFO] com.feedback.controller.DepartmentController [http-nio-8080-exec-2] _________ALL DEPT(page) CONTROLLER________ 
2023-10-08 02:00:33,992 [INFO] com.feedback.serviceImplementation.DepartmentServiceImpl [http-nio-8080-exec-2] Retured all Department, successsull 
2023-10-08 02:00:39,065 [INFO] com.feedback.controller.DepartmentController [http-nio-8080-exec-4] _________ALL DEPT(page) CONTROLLER________ 
2023-10-08 02:00:39,070 [INFO] com.feedback.serviceImplementation.DepartmentServiceImpl [http-nio-8080-exec-4] Retured all Department, successsull 
2023-10-08 02:02:06,518 [INFO] com.feedback.controller.DepartmentController [http-nio-8080-exec-7] _________GET DEPARTMENT CONTROLLER________ 
2023-10-08 02:02:06,523 [INFO] com.feedback.serviceImplementation.DepartmentServiceImpl [http-nio-8080-exec-7] Successfully returned all users. 
2023-10-08 02:02:06,523 [INFO] com.feedback.serviceImplementation.DepartmentServiceImpl [http-nio-8080-exec-7] Successfully returned all users. 
2023-10-08 02:02:06,523 [INFO] com.feedback.serviceImplementation.DepartmentServiceImpl [http-nio-8080-exec-7] Successfully returned all users. 
2023-10-08 02:02:06,523 [INFO] com.feedback.serviceImplementation.DepartmentServiceImpl [http-nio-8080-exec-7] Successfully returned all users. 
2023-10-08 02:02:06,523 [INFO] com.feedback.serviceImplementation.DepartmentServiceImpl [http-nio-8080-exec-7] Successfully returned all users. 
2023-10-08 02:02:06,523 [INFO] com.feedback.serviceImplementation.DepartmentServiceImpl [http-nio-8080-exec-7] Successfully returned all users. 
2023-10-08 02:02:06,523 [INFO] com.feedback.serviceImplementation.DepartmentServiceImpl [http-nio-8080-exec-7] Successfully returned all users. 
2023-10-08 02:02:06,523 [INFO] com.feedback.serviceImplementation.DepartmentServiceImpl [http-nio-8080-exec-7] Successfully returned all users. 
2023-10-08 02:02:06,523 [INFO] com.feedback.serviceImplementation.DepartmentServiceImpl [http-nio-8080-exec-7] Successfully returned all users. 
2023-10-08 02:02:18,986 [INFO] com.feedback.controller.TicketController [http-nio-8080-exec-8] ________get ticket controller________ 
2023-10-08 02:02:18,995 [INFO] com.feedback.serviceImplementation.TicketServiceImpl [http-nio-8080-exec-8] Ticket returned successfully. 
2023-10-08 02:02:18,995 [INFO] com.feedback.serviceImplementation.TicketServiceImpl [http-nio-8080-exec-8] Ticket returned successfully. 
2023-10-08 02:02:18,995 [INFO] com.feedback.serviceImplementation.TicketServiceImpl [http-nio-8080-exec-8] Ticket returned successfully. 
2023-10-08 02:02:18,995 [INFO] com.feedback.serviceImplementation.TicketServiceImpl [http-nio-8080-exec-8] Ticket returned successfully. 
2023-10-08 02:02:18,995 [INFO] com.feedback.serviceImplementation.TicketServiceImpl [http-nio-8080-exec-8] Ticket returned successfully. 
2023-10-08 02:02:18,995 [INFO] com.feedback.serviceImplementation.TicketServiceImpl [http-nio-8080-exec-8] Returned list of ticket. 
2023-10-08 02:02:22,142 [INFO] com.feedback.controller.TicketController [http-nio-8080-exec-9] ________get ticket controller________ 
2023-10-08 02:02:22,149 [INFO] com.feedback.serviceImplementation.TicketServiceImpl [http-nio-8080-exec-9] Ticket returned successfully. 
2023-10-08 02:02:22,149 [INFO] com.feedback.serviceImplementation.TicketServiceImpl [http-nio-8080-exec-9] Ticket returned successfully. 
2023-10-08 02:02:22,149 [INFO] com.feedback.serviceImplementation.TicketServiceImpl [http-nio-8080-exec-9] Returned list of ticket. 
2023-10-08 02:02:33,750 [INFO] com.feedback.controller.TicketController [http-nio-8080-exec-10] ________get ticket controller________ 
2023-10-08 02:02:33,755 [INFO] com.feedback.serviceImplementation.TicketServiceImpl [http-nio-8080-exec-10] Ticket returned successfully. 
2023-10-08 02:02:33,755 [INFO] com.feedback.serviceImplementation.TicketServiceImpl [http-nio-8080-exec-10] Ticket returned successfully. 
2023-10-08 02:02:33,755 [INFO] com.feedback.serviceImplementation.TicketServiceImpl [http-nio-8080-exec-10] Ticket returned successfully. 
2023-10-08 02:02:33,755 [INFO] com.feedback.serviceImplementation.TicketServiceImpl [http-nio-8080-exec-10] Ticket returned successfully. 
2023-10-08 02:02:33,755 [INFO] com.feedback.serviceImplementation.TicketServiceImpl [http-nio-8080-exec-10] Ticket returned successfully. 
2023-10-08 02:02:33,755 [INFO] com.feedback.serviceImplementation.TicketServiceImpl [http-nio-8080-exec-10] Returned list of ticket. 
2023-10-08 02:02:35,700 [INFO] com.feedback.controller.TicketController [http-nio-8080-exec-1] _____get ticket(id) controller________ 
2023-10-08 02:02:35,718 [INFO] com.feedback.serviceImplementation.TicketServiceImpl [http-nio-8080-exec-1] Returned ticked successfully. 
2023-10-08 02:04:01,884 [INFO] com.feedback.controller.TicketController [http-nio-8080-exec-3] _____get ticket(id) controller________ 
2023-10-08 02:04:01,891 [INFO] com.feedback.serviceImplementation.TicketServiceImpl [http-nio-8080-exec-3] Returned ticked successfully. 
2023-10-08 02:04:35,384 [INFO] com.feedback.controller.DepartmentController [http-nio-8080-exec-4] _________GET DEPARTMENT CONTROLLER________ 
2023-10-08 02:04:35,386 [INFO] com.feedback.serviceImplementation.DepartmentServiceImpl [http-nio-8080-exec-4] Successfully returned all users. 
2023-10-08 02:04:35,386 [INFO] com.feedback.serviceImplementation.DepartmentServiceImpl [http-nio-8080-exec-4] Successfully returned all users. 
2023-10-08 02:04:35,387 [INFO] com.feedback.serviceImplementation.DepartmentServiceImpl [http-nio-8080-exec-4] Successfully returned all users. 
2023-10-08 02:04:35,387 [INFO] com.feedback.serviceImplementation.DepartmentServiceImpl [http-nio-8080-exec-4] Successfully returned all users. 
2023-10-08 02:04:35,387 [INFO] com.feedback.serviceImplementation.DepartmentServiceImpl [http-nio-8080-exec-4] Successfully returned all users. 
2023-10-08 02:04:35,387 [INFO] com.feedback.serviceImplementation.DepartmentServiceImpl [http-nio-8080-exec-4] Successfully returned all users. 
2023-10-08 02:04:35,387 [INFO] com.feedback.serviceImplementation.DepartmentServiceImpl [http-nio-8080-exec-4] Successfully returned all users. 
2023-10-08 02:04:35,387 [INFO] com.feedback.serviceImplementation.DepartmentServiceImpl [http-nio-8080-exec-4] Successfully returned all users. 
2023-10-08 02:04:35,387 [INFO] com.feedback.serviceImplementation.DepartmentServiceImpl [http-nio-8080-exec-4] Successfully returned all users. 
2023-10-08 02:04:36,627 [INFO] com.feedback.controller.DepartmentController [http-nio-8080-exec-5] _________GET DEPARTMENT CONTROLLER________ 
2023-10-08 02:04:36,630 [INFO] com.feedback.serviceImplementation.DepartmentServiceImpl [http-nio-8080-exec-5] Successfully returned all users. 
2023-10-08 02:04:36,630 [INFO] com.feedback.serviceImplementation.DepartmentServiceImpl [http-nio-8080-exec-5] Successfully returned all users. 
2023-10-08 02:04:36,630 [INFO] com.feedback.serviceImplementation.DepartmentServiceImpl [http-nio-8080-exec-5] Successfully returned all users. 
2023-10-08 02:04:36,630 [INFO] com.feedback.serviceImplementation.DepartmentServiceImpl [http-nio-8080-exec-5] Successfully returned all users. 
2023-10-08 02:04:36,630 [INFO] com.feedback.serviceImplementation.DepartmentServiceImpl [http-nio-8080-exec-5] Successfully returned all users. 
2023-10-08 02:04:36,630 [INFO] com.feedback.serviceImplementation.DepartmentServiceImpl [http-nio-8080-exec-5] Successfully returned all users. 
2023-10-08 02:04:36,630 [INFO] com.feedback.serviceImplementation.DepartmentServiceImpl [http-nio-8080-exec-5] Successfully returned all users. 
2023-10-08 02:04:36,630 [INFO] com.feedback.serviceImplementation.DepartmentServiceImpl [http-nio-8080-exec-5] Successfully returned all users. 
2023-10-08 02:04:36,630 [INFO] com.feedback.serviceImplementation.DepartmentServiceImpl [http-nio-8080-exec-5] Successfully returned all users. 
2023-10-08 02:04:38,287 [INFO] com.feedback.controller.UserController [http-nio-8080-exec-6] _______GetUserProfile_controller______ 
2023-10-08 02:04:38,290 [INFO] com.feedback.serviceImplementation.UserServiceImpl [http-nio-8080-exec-6] Got Profile of user success. 
2023-10-08 02:04:38,290 [INFO] com.feedback.controller.UserController [http-nio-8080-exec-6] Returned User 
2023-10-08 02:04:45,341 [INFO] com.feedback.controller.UserController [http-nio-8080-exec-7] _____get all users controller____ 
2023-10-08 02:04:45,348 [INFO] com.feedback.serviceImplementation.UserServiceImpl [http-nio-8080-exec-7] Returned list of users, success 
2023-10-08 02:04:51,238 [INFO] com.feedback.controller.UserController [http-nio-8080-exec-8] _____get all users controller____ 
2023-10-08 02:04:51,240 [INFO] com.feedback.serviceImplementation.UserServiceImpl [http-nio-8080-exec-8] Returned list of users, success 
2023-10-08 02:05:00,255 [INFO] com.feedback.controller.UserController [http-nio-8080-exec-9] _____get all users controller____ 
2023-10-08 02:05:00,258 [INFO] com.feedback.serviceImplementation.UserServiceImpl [http-nio-8080-exec-9] Returned list of users, success 
2023-10-08 02:05:02,062 [INFO] com.feedback.controller.UserController [http-nio-8080-exec-10] _____get all users controller____ 
2023-10-08 02:05:02,066 [INFO] com.feedback.serviceImplementation.UserServiceImpl [http-nio-8080-exec-10] Returned list of users, success 
2023-10-08 02:05:03,585 [INFO] com.feedback.controller.UserController [http-nio-8080-exec-1] _____get all users controller____ 
2023-10-08 02:05:03,590 [INFO] com.feedback.serviceImplementation.UserServiceImpl [http-nio-8080-exec-1] Returned list of users, success 
2023-10-08 02:05:04,875 [INFO] com.feedback.controller.UserController [http-nio-8080-exec-2] _____get all users controller____ 
2023-10-08 02:05:04,878 [INFO] com.feedback.serviceImplementation.UserServiceImpl [http-nio-8080-exec-2] Returned list of users, success 
2023-10-08 02:05:12,045 [INFO] com.feedback.controller.UserController [http-nio-8080-exec-3] _____get all users controller____ 
2023-10-08 02:05:12,050 [INFO] com.feedback.serviceImplementation.UserServiceImpl [http-nio-8080-exec-3] Returned list of users, success 
2023-10-08 02:05:14,077 [INFO] com.feedback.controller.UserController [http-nio-8080-exec-4] _____get all users controller____ 
2023-10-08 02:05:14,080 [INFO] com.feedback.serviceImplementation.UserServiceImpl [http-nio-8080-exec-4] Returned list of users, success 
2023-10-08 02:06:07,936 [INFO] com.feedback.controller.UserController [http-nio-8080-exec-5] _____get all users controller____ 
2023-10-08 02:06:07,940 [INFO] com.feedback.serviceImplementation.UserServiceImpl [http-nio-8080-exec-5] Returned list of users, success 
2023-10-08 02:06:08,962 [INFO] com.feedback.controller.UserController [http-nio-8080-exec-6] _____get all users controller____ 
2023-10-08 02:06:08,966 [INFO] com.feedback.serviceImplementation.UserServiceImpl [http-nio-8080-exec-6] Returned list of users, success 
2023-10-08 02:06:13,020 [INFO] com.feedback.controller.UserController [http-nio-8080-exec-7] _____get all users controller____ 
2023-10-08 02:06:13,024 [INFO] com.feedback.serviceImplementation.UserServiceImpl [http-nio-8080-exec-7] Returned list of users, success 
2023-10-08 02:06:24,720 [INFO] com.feedback.controller.UserController [http-nio-8080-exec-8] _____get all users controller____ 
2023-10-08 02:06:24,723 [INFO] com.feedback.serviceImplementation.UserServiceImpl [http-nio-8080-exec-8] Returned list of users, success 
2023-10-08 02:06:27,915 [INFO] com.feedback.controller.UserController [http-nio-8080-exec-9] _____get all users controller____ 
2023-10-08 02:06:27,919 [INFO] com.feedback.serviceImplementation.UserServiceImpl [http-nio-8080-exec-9] Returned list of users, success 
2023-10-08 02:06:29,063 [INFO] com.feedback.controller.UserController [http-nio-8080-exec-10] _____get all users controller____ 
2023-10-08 02:06:29,065 [INFO] com.feedback.serviceImplementation.UserServiceImpl [http-nio-8080-exec-10] Returned list of users, success 
2023-10-08 02:06:30,615 [INFO] com.feedback.controller.UserController [http-nio-8080-exec-1] _____get all users controller____ 
2023-10-08 02:06:30,619 [INFO] com.feedback.serviceImplementation.UserServiceImpl [http-nio-8080-exec-1] Returned list of users, success 
2023-10-08 02:06:31,501 [INFO] com.feedback.controller.UserController [http-nio-8080-exec-2] _____get all users controller____ 
2023-10-08 02:06:31,503 [INFO] com.feedback.serviceImplementation.UserServiceImpl [http-nio-8080-exec-2] Returned list of users, success 
2023-10-08 02:06:34,711 [INFO] com.feedback.controller.UserController [http-nio-8080-exec-3] _____get all users controller____ 
2023-10-08 02:06:34,715 [INFO] com.feedback.serviceImplementation.UserServiceImpl [http-nio-8080-exec-3] Returned list of users, success 
2023-10-08 02:06:36,192 [INFO] com.feedback.controller.DepartmentController [http-nio-8080-exec-4] _________GET DEPARTMENT CONTROLLER________ 
2023-10-08 02:06:36,195 [INFO] com.feedback.serviceImplementation.DepartmentServiceImpl [http-nio-8080-exec-4] Successfully returned all users. 
2023-10-08 02:06:36,195 [INFO] com.feedback.serviceImplementation.DepartmentServiceImpl [http-nio-8080-exec-4] Successfully returned all users. 
2023-10-08 02:06:36,195 [INFO] com.feedback.serviceImplementation.DepartmentServiceImpl [http-nio-8080-exec-4] Successfully returned all users. 
2023-10-08 02:06:36,195 [INFO] com.feedback.serviceImplementation.DepartmentServiceImpl [http-nio-8080-exec-4] Successfully returned all users. 
2023-10-08 02:06:36,195 [INFO] com.feedback.serviceImplementation.DepartmentServiceImpl [http-nio-8080-exec-4] Successfully returned all users. 
2023-10-08 02:06:36,195 [INFO] com.feedback.serviceImplementation.DepartmentServiceImpl [http-nio-8080-exec-4] Successfully returned all users. 
2023-10-08 02:06:36,195 [INFO] com.feedback.serviceImplementation.DepartmentServiceImpl [http-nio-8080-exec-4] Successfully returned all users. 
2023-10-08 02:06:36,195 [INFO] com.feedback.serviceImplementation.DepartmentServiceImpl [http-nio-8080-exec-4] Successfully returned all users. 
2023-10-08 02:06:36,195 [INFO] com.feedback.serviceImplementation.DepartmentServiceImpl [http-nio-8080-exec-4] Successfully returned all users. 
2023-10-08 02:06:39,554 [INFO] com.feedback.controller.UserController [http-nio-8080-exec-5] _______GetUserProfile_controller______ 
2023-10-08 02:06:39,557 [INFO] com.feedback.serviceImplementation.UserServiceImpl [http-nio-8080-exec-5] Got Profile of user success. 
2023-10-08 02:06:39,557 [INFO] com.feedback.controller.UserController [http-nio-8080-exec-5] Returned User 
2023-10-08 02:06:40,540 [INFO] com.feedback.controller.DepartmentController [http-nio-8080-exec-6] _________GET DEPARTMENT CONTROLLER________ 
2023-10-08 02:06:40,543 [INFO] com.feedback.serviceImplementation.DepartmentServiceImpl [http-nio-8080-exec-6] Successfully returned all users. 
2023-10-08 02:06:40,543 [INFO] com.feedback.serviceImplementation.DepartmentServiceImpl [http-nio-8080-exec-6] Successfully returned all users. 
2023-10-08 02:06:40,543 [INFO] com.feedback.serviceImplementation.DepartmentServiceImpl [http-nio-8080-exec-6] Successfully returned all users. 
2023-10-08 02:06:40,543 [INFO] com.feedback.serviceImplementation.DepartmentServiceImpl [http-nio-8080-exec-6] Successfully returned all users. 
2023-10-08 02:06:40,543 [INFO] com.feedback.serviceImplementation.DepartmentServiceImpl [http-nio-8080-exec-6] Successfully returned all users. 
2023-10-08 02:06:40,543 [INFO] com.feedback.serviceImplementation.DepartmentServiceImpl [http-nio-8080-exec-6] Successfully returned all users. 
2023-10-08 02:06:40,543 [INFO] com.feedback.serviceImplementation.DepartmentServiceImpl [http-nio-8080-exec-6] Successfully returned all users. 
2023-10-08 02:06:40,543 [INFO] com.feedback.serviceImplementation.DepartmentServiceImpl [http-nio-8080-exec-6] Successfully returned all users. 
2023-10-08 02:06:40,543 [INFO] com.feedback.serviceImplementation.DepartmentServiceImpl [http-nio-8080-exec-6] Successfully returned all users. 
2023-10-08 02:06:41,375 [INFO] com.feedback.controller.DepartmentController [http-nio-8080-exec-7] _________ALL DEPT(page) CONTROLLER________ 
2023-10-08 02:06:41,378 [INFO] com.feedback.serviceImplementation.DepartmentServiceImpl [http-nio-8080-exec-7] Retured all Department, successsull 
2023-10-08 02:06:50,862 [INFO] com.feedback.controller.TicketController [http-nio-8080-exec-8] ________get ticket controller________ 
2023-10-08 02:06:50,867 [INFO] com.feedback.serviceImplementation.TicketServiceImpl [http-nio-8080-exec-8] Ticket returned successfully. 
2023-10-08 02:06:50,867 [INFO] com.feedback.serviceImplementation.TicketServiceImpl [http-nio-8080-exec-8] Ticket returned successfully. 
2023-10-08 02:06:50,868 [INFO] com.feedback.serviceImplementation.TicketServiceImpl [http-nio-8080-exec-8] Ticket returned successfully. 
2023-10-08 02:06:50,868 [INFO] com.feedback.serviceImplementation.TicketServiceImpl [http-nio-8080-exec-8] Ticket returned successfully. 
2023-10-08 02:06:50,868 [INFO] com.feedback.serviceImplementation.TicketServiceImpl [http-nio-8080-exec-8] Ticket returned successfully. 
2023-10-08 02:06:50,868 [INFO] com.feedback.serviceImplementation.TicketServiceImpl [http-nio-8080-exec-8] Returned list of ticket. 
2023-10-08 02:06:55,797 [INFO] com.feedback.controller.DepartmentController [http-nio-8080-exec-9] _________ALL DEPT(page) CONTROLLER________ 
2023-10-08 02:06:55,801 [INFO] com.feedback.serviceImplementation.DepartmentServiceImpl [http-nio-8080-exec-9] Retured all Department, successsull 
2023-10-08 02:06:58,414 [INFO] com.feedback.controller.TicketController [http-nio-8080-exec-10] ________get ticket controller________ 
2023-10-08 02:06:58,421 [INFO] com.feedback.serviceImplementation.TicketServiceImpl [http-nio-8080-exec-10] Ticket returned successfully. 
2023-10-08 02:06:58,421 [INFO] com.feedback.serviceImplementation.TicketServiceImpl [http-nio-8080-exec-10] Ticket returned successfully. 
2023-10-08 02:06:58,421 [INFO] com.feedback.serviceImplementation.TicketServiceImpl [http-nio-8080-exec-10] Ticket returned successfully. 
2023-10-08 02:06:58,421 [INFO] com.feedback.serviceImplementation.TicketServiceImpl [http-nio-8080-exec-10] Ticket returned successfully. 
2023-10-08 02:06:58,421 [INFO] com.feedback.serviceImplementation.TicketServiceImpl [http-nio-8080-exec-10] Ticket returned successfully. 
2023-10-08 02:06:58,421 [INFO] com.feedback.serviceImplementation.TicketServiceImpl [http-nio-8080-exec-10] Returned list of ticket. 
2023-10-08 02:07:00,772 [INFO] com.feedback.controller.DepartmentController [http-nio-8080-exec-1] _________ALL DEPT(page) CONTROLLER________ 
2023-10-08 02:07:00,776 [INFO] com.feedback.serviceImplementation.DepartmentServiceImpl [http-nio-8080-exec-1] Retured all Department, successsull 
2023-10-08 02:07:03,538 [INFO] com.feedback.controller.TicketController [http-nio-8080-exec-2] ________get ticket controller________ 
2023-10-08 02:07:03,544 [INFO] com.feedback.serviceImplementation.TicketServiceImpl [http-nio-8080-exec-2] Ticket returned successfully. 
2023-10-08 02:07:03,544 [INFO] com.feedback.serviceImplementation.TicketServiceImpl [http-nio-8080-exec-2] Ticket returned successfully. 
2023-10-08 02:07:03,544 [INFO] com.feedback.serviceImplementation.TicketServiceImpl [http-nio-8080-exec-2] Ticket returned successfully. 
2023-10-08 02:07:03,544 [INFO] com.feedback.serviceImplementation.TicketServiceImpl [http-nio-8080-exec-2] Ticket returned successfully. 
2023-10-08 02:07:03,544 [INFO] com.feedback.serviceImplementation.TicketServiceImpl [http-nio-8080-exec-2] Ticket returned successfully. 
2023-10-08 02:07:03,544 [INFO] com.feedback.serviceImplementation.TicketServiceImpl [http-nio-8080-exec-2] Returned list of ticket. 
2023-10-08 02:07:52,566 [INFO] com.feedback.controller.DepartmentController [http-nio-8080-exec-3] _________ALL DEPT(page) CONTROLLER________ 
2023-10-08 02:07:52,569 [INFO] com.feedback.serviceImplementation.DepartmentServiceImpl [http-nio-8080-exec-3] Retured all Department, successsull 
2023-10-08 02:08:01,112 [INFO] com.feedback.controller.TicketController [http-nio-8080-exec-4] ________get ticket controller________ 
2023-10-08 02:08:01,117 [INFO] com.feedback.serviceImplementation.TicketServiceImpl [http-nio-8080-exec-4] Ticket returned successfully. 
2023-10-08 02:08:01,118 [INFO] com.feedback.serviceImplementation.TicketServiceImpl [http-nio-8080-exec-4] Ticket returned successfully. 
2023-10-08 02:08:01,118 [INFO] com.feedback.serviceImplementation.TicketServiceImpl [http-nio-8080-exec-4] Ticket returned successfully. 
2023-10-08 02:08:01,118 [INFO] com.feedback.serviceImplementation.TicketServiceImpl [http-nio-8080-exec-4] Ticket returned successfully. 
2023-10-08 02:08:01,118 [INFO] com.feedback.serviceImplementation.TicketServiceImpl [http-nio-8080-exec-4] Ticket returned successfully. 
2023-10-08 02:08:01,118 [INFO] com.feedback.serviceImplementation.TicketServiceImpl [http-nio-8080-exec-4] Returned list of ticket. 
2023-10-08 02:08:02,698 [INFO] com.feedback.controller.DepartmentController [http-nio-8080-exec-5] _________ALL DEPT(page) CONTROLLER________ 
2023-10-08 02:08:02,701 [INFO] com.feedback.serviceImplementation.DepartmentServiceImpl [http-nio-8080-exec-5] Retured all Department, successsull 
2023-10-08 02:08:45,318 [INFO] com.feedback.controller.TicketController [http-nio-8080-exec-6] ________get ticket controller________ 
2023-10-08 02:08:45,324 [INFO] com.feedback.serviceImplementation.TicketServiceImpl [http-nio-8080-exec-6] Ticket returned successfully. 
2023-10-08 02:08:45,324 [INFO] com.feedback.serviceImplementation.TicketServiceImpl [http-nio-8080-exec-6] Ticket returned successfully. 
2023-10-08 02:08:45,324 [INFO] com.feedback.serviceImplementation.TicketServiceImpl [http-nio-8080-exec-6] Ticket returned successfully. 
2023-10-08 02:08:45,324 [INFO] com.feedback.serviceImplementation.TicketServiceImpl [http-nio-8080-exec-6] Ticket returned successfully. 
2023-10-08 02:08:45,324 [INFO] com.feedback.serviceImplementation.TicketServiceImpl [http-nio-8080-exec-6] Ticket returned successfully. 
2023-10-08 02:08:45,324 [INFO] com.feedback.serviceImplementation.TicketServiceImpl [http-nio-8080-exec-6] Returned list of ticket. 
2023-10-08 02:08:48,744 [INFO] com.feedback.controller.TicketController [http-nio-8080-exec-7] ________get ticket controller________ 
2023-10-08 02:08:48,748 [INFO] com.feedback.serviceImplementation.TicketServiceImpl [http-nio-8080-exec-7] Ticket returned successfully. 
2023-10-08 02:08:48,748 [INFO] com.feedback.serviceImplementation.TicketServiceImpl [http-nio-8080-exec-7] Ticket returned successfully. 
2023-10-08 02:08:48,748 [INFO] com.feedback.serviceImplementation.TicketServiceImpl [http-nio-8080-exec-7] Ticket returned successfully. 
2023-10-08 02:08:48,748 [INFO] com.feedback.serviceImplementation.TicketServiceImpl [http-nio-8080-exec-7] Ticket returned successfully. 
2023-10-08 02:08:48,748 [INFO] com.feedback.serviceImplementation.TicketServiceImpl [http-nio-8080-exec-7] Ticket returned successfully. 
2023-10-08 02:08:48,748 [INFO] com.feedback.serviceImplementation.TicketServiceImpl [http-nio-8080-exec-7] Returned list of ticket. 
2023-10-08 02:08:50,097 [INFO] com.feedback.controller.DepartmentController [http-nio-8080-exec-8] _________ALL DEPT(page) CONTROLLER________ 
2023-10-08 02:08:50,099 [INFO] com.feedback.serviceImplementation.DepartmentServiceImpl [http-nio-8080-exec-8] Retured all Department, successsull 
2023-10-08 02:08:53,328 [INFO] com.feedback.controller.TicketController [http-nio-8080-exec-9] ________get ticket controller________ 
2023-10-08 02:08:53,333 [INFO] com.feedback.serviceImplementation.TicketServiceImpl [http-nio-8080-exec-9] Ticket returned successfully. 
2023-10-08 02:08:53,333 [INFO] com.feedback.serviceImplementation.TicketServiceImpl [http-nio-8080-exec-9] Ticket returned successfully. 
2023-10-08 02:08:53,333 [INFO] com.feedback.serviceImplementation.TicketServiceImpl [http-nio-8080-exec-9] Ticket returned successfully. 
2023-10-08 02:08:53,333 [INFO] com.feedback.serviceImplementation.TicketServiceImpl [http-nio-8080-exec-9] Ticket returned successfully. 
2023-10-08 02:08:53,333 [INFO] com.feedback.serviceImplementation.TicketServiceImpl [http-nio-8080-exec-9] Ticket returned successfully. 
2023-10-08 02:08:53,333 [INFO] com.feedback.serviceImplementation.TicketServiceImpl [http-nio-8080-exec-9] Returned list of ticket. 
2023-10-08 02:09:04,133 [INFO] com.feedback.controller.DepartmentController [http-nio-8080-exec-10] _________ALL DEPT(page) CONTROLLER________ 
2023-10-08 02:09:04,135 [INFO] com.feedback.serviceImplementation.DepartmentServiceImpl [http-nio-8080-exec-10] Retured all Department, successsull 
2023-10-08 02:09:31,632 [INFO] com.feedback.controller.DepartmentController [http-nio-8080-exec-1] _________ALL DEPT(page) CONTROLLER________ 
2023-10-08 02:09:31,635 [INFO] com.feedback.serviceImplementation.DepartmentServiceImpl [http-nio-8080-exec-1] Retured all Department, successsull 
2023-10-08 02:09:50,055 [INFO] com.feedback.serviceImplementation.AuthenticationServiceImpl [http-nio-8080-exec-3] Authorised = true 
2023-10-08 02:09:50,057 [INFO] com.feedback.serviceImplementation.AuthenticationServiceImpl [http-nio-8080-exec-3] Authorised = true 
2023-10-08 02:09:50,063 [INFO] com.feedback.controller.DepartmentController [http-nio-8080-exec-3] _________ADD DEPT CONTROLLER________ 
2023-10-08 02:09:50,067 [INFO] com.feedback.serviceImplementation.DepartmentServiceImpl [http-nio-8080-exec-3] Department exist =- false 
2023-10-08 02:09:50,068 [INFO] com.feedback.serviceImplementation.DepartmentServiceImpl [http-nio-8080-exec-3] Saved Department 
2023-10-08 02:10:26,079 [INFO] com.feedback.controller.DepartmentController [http-nio-8080-exec-4] _________ALL DEPT(page) CONTROLLER________ 
2023-10-08 02:10:26,082 [INFO] com.feedback.serviceImplementation.DepartmentServiceImpl [http-nio-8080-exec-4] Retured all Department, successsull 
2023-10-08 02:10:27,154 [INFO] com.feedback.controller.TicketController [http-nio-8080-exec-5] ________get ticket controller________ 
2023-10-08 02:10:27,156 [INFO] com.feedback.controller.DepartmentController [http-nio-8080-exec-6] _________ALL DEPT(page) CONTROLLER________ 
2023-10-08 02:10:27,161 [INFO] com.feedback.serviceImplementation.DepartmentServiceImpl [http-nio-8080-exec-6] Retured all Department, successsull 
2023-10-08 02:10:27,161 [INFO] com.feedback.serviceImplementation.TicketServiceImpl [http-nio-8080-exec-5] Ticket returned successfully. 
2023-10-08 02:10:27,161 [INFO] com.feedback.serviceImplementation.TicketServiceImpl [http-nio-8080-exec-5] Ticket returned successfully. 
2023-10-08 02:10:27,161 [INFO] com.feedback.serviceImplementation.TicketServiceImpl [http-nio-8080-exec-5] Ticket returned successfully. 
2023-10-08 02:10:27,161 [INFO] com.feedback.serviceImplementation.TicketServiceImpl [http-nio-8080-exec-5] Ticket returned successfully. 
2023-10-08 02:10:27,161 [INFO] com.feedback.serviceImplementation.TicketServiceImpl [http-nio-8080-exec-5] Ticket returned successfully. 
2023-10-08 02:10:27,161 [INFO] com.feedback.serviceImplementation.TicketServiceImpl [http-nio-8080-exec-5] Returned list of ticket. 
2023-10-08 02:10:27,702 [INFO] com.feedback.controller.DepartmentController [http-nio-8080-exec-8] _________ALL DEPT(page) CONTROLLER________ 
2023-10-08 02:10:27,702 [INFO] com.feedback.controller.TicketController [http-nio-8080-exec-7] ________get ticket controller________ 
2023-10-08 02:10:27,705 [INFO] com.feedback.serviceImplementation.DepartmentServiceImpl [http-nio-8080-exec-8] Retured all Department, successsull 
2023-10-08 02:10:27,713 [INFO] com.feedback.serviceImplementation.TicketServiceImpl [http-nio-8080-exec-7] Ticket returned successfully. 
2023-10-08 02:10:27,713 [INFO] com.feedback.serviceImplementation.TicketServiceImpl [http-nio-8080-exec-7] Ticket returned successfully. 
2023-10-08 02:10:27,713 [INFO] com.feedback.serviceImplementation.TicketServiceImpl [http-nio-8080-exec-7] Ticket returned successfully. 
2023-10-08 02:10:27,713 [INFO] com.feedback.serviceImplementation.TicketServiceImpl [http-nio-8080-exec-7] Ticket returned successfully. 
2023-10-08 02:10:27,713 [INFO] com.feedback.serviceImplementation.TicketServiceImpl [http-nio-8080-exec-7] Ticket returned successfully. 
2023-10-08 02:10:27,713 [INFO] com.feedback.serviceImplementation.TicketServiceImpl [http-nio-8080-exec-7] Returned list of ticket. 
2023-10-08 02:10:28,151 [INFO] com.feedback.controller.TicketController [http-nio-8080-exec-9] ________get ticket controller________ 
2023-10-08 02:10:28,152 [INFO] com.feedback.controller.DepartmentController [http-nio-8080-exec-10] _________ALL DEPT(page) CONTROLLER________ 
2023-10-08 02:10:28,155 [INFO] com.feedback.serviceImplementation.DepartmentServiceImpl [http-nio-8080-exec-10] Retured all Department, successsull 
2023-10-08 02:10:28,158 [INFO] com.feedback.serviceImplementation.TicketServiceImpl [http-nio-8080-exec-9] Ticket returned successfully. 
2023-10-08 02:10:28,158 [INFO] com.feedback.serviceImplementation.TicketServiceImpl [http-nio-8080-exec-9] Ticket returned successfully. 
2023-10-08 02:10:28,158 [INFO] com.feedback.serviceImplementation.TicketServiceImpl [http-nio-8080-exec-9] Ticket returned successfully. 
2023-10-08 02:10:28,158 [INFO] com.feedback.serviceImplementation.TicketServiceImpl [http-nio-8080-exec-9] Ticket returned successfully. 
2023-10-08 02:10:28,158 [INFO] com.feedback.serviceImplementation.TicketServiceImpl [http-nio-8080-exec-9] Ticket returned successfully. 
2023-10-08 02:10:28,158 [INFO] com.feedback.serviceImplementation.TicketServiceImpl [http-nio-8080-exec-9] Returned list of ticket. 
2023-10-08 02:10:28,603 [INFO] com.feedback.controller.TicketController [http-nio-8080-exec-1] ________get ticket controller________ 
2023-10-08 02:10:28,604 [INFO] com.feedback.controller.DepartmentController [http-nio-8080-exec-2] _________ALL DEPT(page) CONTROLLER________ 
2023-10-08 02:10:28,606 [INFO] com.feedback.serviceImplementation.DepartmentServiceImpl [http-nio-8080-exec-2] Retured all Department, successsull 
2023-10-08 02:10:28,609 [INFO] com.feedback.serviceImplementation.TicketServiceImpl [http-nio-8080-exec-1] Ticket returned successfully. 
2023-10-08 02:10:28,609 [INFO] com.feedback.serviceImplementation.TicketServiceImpl [http-nio-8080-exec-1] Ticket returned successfully. 
2023-10-08 02:10:28,609 [INFO] com.feedback.serviceImplementation.TicketServiceImpl [http-nio-8080-exec-1] Ticket returned successfully. 
2023-10-08 02:10:28,609 [INFO] com.feedback.serviceImplementation.TicketServiceImpl [http-nio-8080-exec-1] Ticket returned successfully. 
2023-10-08 02:10:28,609 [INFO] com.feedback.serviceImplementation.TicketServiceImpl [http-nio-8080-exec-1] Ticket returned successfully. 
2023-10-08 02:10:28,609 [INFO] com.feedback.serviceImplementation.TicketServiceImpl [http-nio-8080-exec-1] Returned list of ticket. 
2023-10-08 02:10:28,963 [INFO] com.feedback.controller.DepartmentController [http-nio-8080-exec-4] _________ALL DEPT(page) CONTROLLER________ 
2023-10-08 02:10:28,965 [INFO] com.feedback.controller.TicketController [http-nio-8080-exec-3] ________get ticket controller________ 
2023-10-08 02:10:28,966 [INFO] com.feedback.serviceImplementation.DepartmentServiceImpl [http-nio-8080-exec-4] Retured all Department, successsull 
2023-10-08 02:10:28,970 [INFO] com.feedback.serviceImplementation.TicketServiceImpl [http-nio-8080-exec-3] Ticket returned successfully. 
2023-10-08 02:10:28,970 [INFO] com.feedback.serviceImplementation.TicketServiceImpl [http-nio-8080-exec-3] Ticket returned successfully. 
2023-10-08 02:10:28,970 [INFO] com.feedback.serviceImplementation.TicketServiceImpl [http-nio-8080-exec-3] Ticket returned successfully. 
2023-10-08 02:10:28,970 [INFO] com.feedback.serviceImplementation.TicketServiceImpl [http-nio-8080-exec-3] Ticket returned successfully. 
2023-10-08 02:10:28,970 [INFO] com.feedback.serviceImplementation.TicketServiceImpl [http-nio-8080-exec-3] Ticket returned successfully. 
2023-10-08 02:10:28,970 [INFO] com.feedback.serviceImplementation.TicketServiceImpl [http-nio-8080-exec-3] Returned list of ticket. 
2023-10-08 02:10:29,209 [INFO] com.feedback.controller.DepartmentController [http-nio-8080-exec-5] _________ALL DEPT(page) CONTROLLER________ 
2023-10-08 02:10:29,209 [INFO] com.feedback.controller.TicketController [http-nio-8080-exec-6] ________get ticket controller________ 
2023-10-08 02:10:29,213 [INFO] com.feedback.serviceImplementation.DepartmentServiceImpl [http-nio-8080-exec-5] Retured all Department, successsull 
2023-10-08 02:10:29,218 [INFO] com.feedback.serviceImplementation.TicketServiceImpl [http-nio-8080-exec-6] Ticket returned successfully. 
2023-10-08 02:10:29,218 [INFO] com.feedback.serviceImplementation.TicketServiceImpl [http-nio-8080-exec-6] Ticket returned successfully. 
2023-10-08 02:10:29,218 [INFO] com.feedback.serviceImplementation.TicketServiceImpl [http-nio-8080-exec-6] Ticket returned successfully. 
2023-10-08 02:10:29,218 [INFO] com.feedback.serviceImplementation.TicketServiceImpl [http-nio-8080-exec-6] Ticket returned successfully. 
2023-10-08 02:10:29,218 [INFO] com.feedback.serviceImplementation.TicketServiceImpl [http-nio-8080-exec-6] Ticket returned successfully. 
2023-10-08 02:10:29,218 [INFO] com.feedback.serviceImplementation.TicketServiceImpl [http-nio-8080-exec-6] Returned list of ticket. 
2023-10-08 02:10:29,418 [INFO] com.feedback.controller.TicketController [http-nio-8080-exec-8] ________get ticket controller________ 
2023-10-08 02:10:29,418 [INFO] com.feedback.controller.DepartmentController [http-nio-8080-exec-7] _________ALL DEPT(page) CONTROLLER________ 
2023-10-08 02:10:29,420 [INFO] com.feedback.serviceImplementation.DepartmentServiceImpl [http-nio-8080-exec-7] Retured all Department, successsull 
2023-10-08 02:10:29,423 [INFO] com.feedback.serviceImplementation.TicketServiceImpl [http-nio-8080-exec-8] Ticket returned successfully. 
2023-10-08 02:10:29,423 [INFO] com.feedback.serviceImplementation.TicketServiceImpl [http-nio-8080-exec-8] Ticket returned successfully. 
2023-10-08 02:10:29,423 [INFO] com.feedback.serviceImplementation.TicketServiceImpl [http-nio-8080-exec-8] Ticket returned successfully. 
2023-10-08 02:10:29,423 [INFO] com.feedback.serviceImplementation.TicketServiceImpl [http-nio-8080-exec-8] Ticket returned successfully. 
2023-10-08 02:10:29,423 [INFO] com.feedback.serviceImplementation.TicketServiceImpl [http-nio-8080-exec-8] Ticket returned successfully. 
2023-10-08 02:10:29,423 [INFO] com.feedback.serviceImplementation.TicketServiceImpl [http-nio-8080-exec-8] Returned list of ticket. 
2023-10-08 02:10:29,585 [INFO] com.feedback.controller.DepartmentController [http-nio-8080-exec-9] _________ALL DEPT(page) CONTROLLER________ 
2023-10-08 02:10:29,585 [INFO] com.feedback.controller.TicketController [http-nio-8080-exec-10] ________get ticket controller________ 
2023-10-08 02:10:29,587 [INFO] com.feedback.serviceImplementation.DepartmentServiceImpl [http-nio-8080-exec-9] Retured all Department, successsull 
2023-10-08 02:10:29,590 [INFO] com.feedback.serviceImplementation.TicketServiceImpl [http-nio-8080-exec-10] Ticket returned successfully. 
2023-10-08 02:10:29,590 [INFO] com.feedback.serviceImplementation.TicketServiceImpl [http-nio-8080-exec-10] Ticket returned successfully. 
2023-10-08 02:10:29,590 [INFO] com.feedback.serviceImplementation.TicketServiceImpl [http-nio-8080-exec-10] Ticket returned successfully. 
2023-10-08 02:10:29,590 [INFO] com.feedback.serviceImplementation.TicketServiceImpl [http-nio-8080-exec-10] Ticket returned successfully. 
2023-10-08 02:10:29,590 [INFO] com.feedback.serviceImplementation.TicketServiceImpl [http-nio-8080-exec-10] Ticket returned successfully. 
2023-10-08 02:10:29,590 [INFO] com.feedback.serviceImplementation.TicketServiceImpl [http-nio-8080-exec-10] Returned list of ticket. 
2023-10-08 02:10:30,096 [INFO] com.feedback.controller.TicketController [http-nio-8080-exec-2] ________get ticket controller________ 
2023-10-08 02:10:30,096 [INFO] com.feedback.controller.DepartmentController [http-nio-8080-exec-1] _________ALL DEPT(page) CONTROLLER________ 
2023-10-08 02:10:30,098 [INFO] com.feedback.serviceImplementation.DepartmentServiceImpl [http-nio-8080-exec-1] Retured all Department, successsull 
2023-10-08 02:10:30,102 [INFO] com.feedback.serviceImplementation.TicketServiceImpl [http-nio-8080-exec-2] Ticket returned successfully. 
2023-10-08 02:10:30,102 [INFO] com.feedback.serviceImplementation.TicketServiceImpl [http-nio-8080-exec-2] Ticket returned successfully. 
2023-10-08 02:10:30,102 [INFO] com.feedback.serviceImplementation.TicketServiceImpl [http-nio-8080-exec-2] Ticket returned successfully. 
2023-10-08 02:10:30,102 [INFO] com.feedback.serviceImplementation.TicketServiceImpl [http-nio-8080-exec-2] Ticket returned successfully. 
2023-10-08 02:10:30,102 [INFO] com.feedback.serviceImplementation.TicketServiceImpl [http-nio-8080-exec-2] Ticket returned successfully. 
2023-10-08 02:10:30,102 [INFO] com.feedback.serviceImplementation.TicketServiceImpl [http-nio-8080-exec-2] Returned list of ticket. 
2023-10-08 02:10:30,537 [INFO] com.feedback.controller.TicketController [http-nio-8080-exec-4] ________get ticket controller________ 
2023-10-08 02:10:30,537 [INFO] com.feedback.controller.DepartmentController [http-nio-8080-exec-3] _________ALL DEPT(page) CONTROLLER________ 
2023-10-08 02:10:30,539 [INFO] com.feedback.serviceImplementation.DepartmentServiceImpl [http-nio-8080-exec-3] Retured all Department, successsull 
2023-10-08 02:10:30,542 [INFO] com.feedback.serviceImplementation.TicketServiceImpl [http-nio-8080-exec-4] Ticket returned successfully. 
2023-10-08 02:10:30,542 [INFO] com.feedback.serviceImplementation.TicketServiceImpl [http-nio-8080-exec-4] Ticket returned successfully. 
2023-10-08 02:10:30,542 [INFO] com.feedback.serviceImplementation.TicketServiceImpl [http-nio-8080-exec-4] Ticket returned successfully. 
2023-10-08 02:10:30,542 [INFO] com.feedback.serviceImplementation.TicketServiceImpl [http-nio-8080-exec-4] Ticket returned successfully. 
2023-10-08 02:10:30,542 [INFO] com.feedback.serviceImplementation.TicketServiceImpl [http-nio-8080-exec-4] Ticket returned successfully. 
2023-10-08 02:10:30,542 [INFO] com.feedback.serviceImplementation.TicketServiceImpl [http-nio-8080-exec-4] Returned list of ticket. 
2023-10-08 02:10:30,935 [INFO] com.feedback.controller.DepartmentController [http-nio-8080-exec-6] _________ALL DEPT(page) CONTROLLER________ 
2023-10-08 02:10:30,935 [INFO] com.feedback.controller.TicketController [http-nio-8080-exec-5] ________get ticket controller________ 
2023-10-08 02:10:30,936 [INFO] com.feedback.serviceImplementation.DepartmentServiceImpl [http-nio-8080-exec-6] Retured all Department, successsull 
2023-10-08 02:10:30,937 [INFO] com.feedback.serviceImplementation.TicketServiceImpl [http-nio-8080-exec-5] Ticket returned successfully. 
2023-10-08 02:10:30,939 [INFO] com.feedback.serviceImplementation.TicketServiceImpl [http-nio-8080-exec-5] Ticket returned successfully. 
2023-10-08 02:10:30,939 [INFO] com.feedback.serviceImplementation.TicketServiceImpl [http-nio-8080-exec-5] Ticket returned successfully. 
2023-10-08 02:10:30,939 [INFO] com.feedback.serviceImplementation.TicketServiceImpl [http-nio-8080-exec-5] Ticket returned successfully. 
2023-10-08 02:10:30,939 [INFO] com.feedback.serviceImplementation.TicketServiceImpl [http-nio-8080-exec-5] Ticket returned successfully. 
2023-10-08 02:10:30,939 [INFO] com.feedback.serviceImplementation.TicketServiceImpl [http-nio-8080-exec-5] Returned list of ticket. 
2023-10-08 02:10:31,260 [INFO] com.feedback.controller.TicketController [http-nio-8080-exec-7] ________get ticket controller________ 
2023-10-08 02:10:31,260 [INFO] com.feedback.controller.DepartmentController [http-nio-8080-exec-8] _________ALL DEPT(page) CONTROLLER________ 
2023-10-08 02:10:31,263 [INFO] com.feedback.serviceImplementation.DepartmentServiceImpl [http-nio-8080-exec-8] Retured all Department, successsull 
2023-10-08 02:10:31,265 [INFO] com.feedback.serviceImplementation.TicketServiceImpl [http-nio-8080-exec-7] Ticket returned successfully. 
2023-10-08 02:10:31,265 [INFO] com.feedback.serviceImplementation.TicketServiceImpl [http-nio-8080-exec-7] Ticket returned successfully. 
2023-10-08 02:10:31,265 [INFO] com.feedback.serviceImplementation.TicketServiceImpl [http-nio-8080-exec-7] Ticket returned successfully. 
2023-10-08 02:10:31,265 [INFO] com.feedback.serviceImplementation.TicketServiceImpl [http-nio-8080-exec-7] Ticket returned successfully. 
2023-10-08 02:10:31,265 [INFO] com.feedback.serviceImplementation.TicketServiceImpl [http-nio-8080-exec-7] Ticket returned successfully. 
2023-10-08 02:10:31,266 [INFO] com.feedback.serviceImplementation.TicketServiceImpl [http-nio-8080-exec-7] Returned list of ticket. 
2023-10-08 02:10:31,504 [INFO] com.feedback.controller.TicketController [http-nio-8080-exec-9] ________get ticket controller________ 
2023-10-08 02:10:31,504 [INFO] com.feedback.controller.DepartmentController [http-nio-8080-exec-10] _________ALL DEPT(page) CONTROLLER________ 
2023-10-08 02:10:31,507 [INFO] com.feedback.serviceImplementation.DepartmentServiceImpl [http-nio-8080-exec-10] Retured all Department, successsull 
2023-10-08 02:10:31,511 [INFO] com.feedback.serviceImplementation.TicketServiceImpl [http-nio-8080-exec-9] Ticket returned successfully. 
2023-10-08 02:10:31,511 [INFO] com.feedback.serviceImplementation.TicketServiceImpl [http-nio-8080-exec-9] Ticket returned successfully. 
2023-10-08 02:10:31,511 [INFO] com.feedback.serviceImplementation.TicketServiceImpl [http-nio-8080-exec-9] Ticket returned successfully. 
2023-10-08 02:10:31,511 [INFO] com.feedback.serviceImplementation.TicketServiceImpl [http-nio-8080-exec-9] Ticket returned successfully. 
2023-10-08 02:10:31,511 [INFO] com.feedback.serviceImplementation.TicketServiceImpl [http-nio-8080-exec-9] Ticket returned successfully. 
2023-10-08 02:10:31,511 [INFO] com.feedback.serviceImplementation.TicketServiceImpl [http-nio-8080-exec-9] Returned list of ticket. 
2023-10-08 02:10:42,288 [INFO] com.feedback.controller.TicketController [http-nio-8080-exec-1] ________get ticket controller________ 
2023-10-08 02:10:42,288 [INFO] com.feedback.controller.DepartmentController [http-nio-8080-exec-2] _________ALL DEPT(page) CONTROLLER________ 
2023-10-08 02:10:42,292 [INFO] com.feedback.serviceImplementation.DepartmentServiceImpl [http-nio-8080-exec-2] Retured all Department, successsull 
2023-10-08 02:10:42,294 [INFO] com.feedback.serviceImplementation.TicketServiceImpl [http-nio-8080-exec-1] Ticket returned successfully. 
2023-10-08 02:10:42,294 [INFO] com.feedback.serviceImplementation.TicketServiceImpl [http-nio-8080-exec-1] Ticket returned successfully. 
2023-10-08 02:10:42,294 [INFO] com.feedback.serviceImplementation.TicketServiceImpl [http-nio-8080-exec-1] Ticket returned successfully. 
2023-10-08 02:10:42,294 [INFO] com.feedback.serviceImplementation.TicketServiceImpl [http-nio-8080-exec-1] Ticket returned successfully. 
2023-10-08 02:10:42,294 [INFO] com.feedback.serviceImplementation.TicketServiceImpl [http-nio-8080-exec-1] Ticket returned successfully. 
2023-10-08 02:10:42,294 [INFO] com.feedback.serviceImplementation.TicketServiceImpl [http-nio-8080-exec-1] Returned list of ticket. 
2023-10-08 02:10:43,297 [INFO] com.feedback.controller.TicketController [http-nio-8080-exec-3] ________get ticket controller________ 
2023-10-08 02:10:43,297 [INFO] com.feedback.controller.DepartmentController [http-nio-8080-exec-4] _________ALL DEPT(page) CONTROLLER________ 
2023-10-08 02:10:43,304 [INFO] com.feedback.serviceImplementation.DepartmentServiceImpl [http-nio-8080-exec-4] Retured all Department, successsull 
2023-10-08 02:10:43,307 [INFO] com.feedback.serviceImplementation.TicketServiceImpl [http-nio-8080-exec-3] Ticket returned successfully. 
2023-10-08 02:10:43,307 [INFO] com.feedback.serviceImplementation.TicketServiceImpl [http-nio-8080-exec-3] Ticket returned successfully. 
2023-10-08 02:10:43,307 [INFO] com.feedback.serviceImplementation.TicketServiceImpl [http-nio-8080-exec-3] Ticket returned successfully. 
2023-10-08 02:10:43,307 [INFO] com.feedback.serviceImplementation.TicketServiceImpl [http-nio-8080-exec-3] Ticket returned successfully. 
2023-10-08 02:10:43,307 [INFO] com.feedback.serviceImplementation.TicketServiceImpl [http-nio-8080-exec-3] Ticket returned successfully. 
2023-10-08 02:10:43,307 [INFO] com.feedback.serviceImplementation.TicketServiceImpl [http-nio-8080-exec-3] Returned list of ticket. 
2023-10-08 02:10:43,707 [INFO] com.feedback.controller.TicketController [http-nio-8080-exec-6] ________get ticket controller________ 
2023-10-08 02:10:43,707 [INFO] com.feedback.controller.DepartmentController [http-nio-8080-exec-5] _________ALL DEPT(page) CONTROLLER________ 
2023-10-08 02:10:43,707 [INFO] com.feedback.serviceImplementation.DepartmentServiceImpl [http-nio-8080-exec-5] Retured all Department, successsull 
2023-10-08 02:10:43,712 [INFO] com.feedback.serviceImplementation.TicketServiceImpl [http-nio-8080-exec-6] Ticket returned successfully. 
2023-10-08 02:10:43,712 [INFO] com.feedback.serviceImplementation.TicketServiceImpl [http-nio-8080-exec-6] Ticket returned successfully. 
2023-10-08 02:10:43,712 [INFO] com.feedback.serviceImplementation.TicketServiceImpl [http-nio-8080-exec-6] Ticket returned successfully. 
2023-10-08 02:10:43,712 [INFO] com.feedback.serviceImplementation.TicketServiceImpl [http-nio-8080-exec-6] Ticket returned successfully. 
2023-10-08 02:10:43,712 [INFO] com.feedback.serviceImplementation.TicketServiceImpl [http-nio-8080-exec-6] Ticket returned successfully. 
2023-10-08 02:10:43,712 [INFO] com.feedback.serviceImplementation.TicketServiceImpl [http-nio-8080-exec-6] Returned list of ticket. 
2023-10-08 02:10:43,935 [INFO] com.feedback.controller.DepartmentController [http-nio-8080-exec-7] _________ALL DEPT(page) CONTROLLER________ 
2023-10-08 02:10:43,935 [INFO] com.feedback.controller.TicketController [http-nio-8080-exec-8] ________get ticket controller________ 
2023-10-08 02:10:43,941 [INFO] com.feedback.serviceImplementation.DepartmentServiceImpl [http-nio-8080-exec-7] Retured all Department, successsull 
2023-10-08 02:10:43,944 [INFO] com.feedback.serviceImplementation.TicketServiceImpl [http-nio-8080-exec-8] Ticket returned successfully. 
2023-10-08 02:10:43,944 [INFO] com.feedback.serviceImplementation.TicketServiceImpl [http-nio-8080-exec-8] Ticket returned successfully. 
2023-10-08 02:10:43,945 [INFO] com.feedback.serviceImplementation.TicketServiceImpl [http-nio-8080-exec-8] Ticket returned successfully. 
2023-10-08 02:10:43,945 [INFO] com.feedback.serviceImplementation.TicketServiceImpl [http-nio-8080-exec-8] Ticket returned successfully. 
2023-10-08 02:10:43,945 [INFO] com.feedback.serviceImplementation.TicketServiceImpl [http-nio-8080-exec-8] Ticket returned successfully. 
2023-10-08 02:10:43,945 [INFO] com.feedback.serviceImplementation.TicketServiceImpl [http-nio-8080-exec-8] Returned list of ticket. 
2023-10-08 02:10:44,164 [INFO] com.feedback.controller.TicketController [http-nio-8080-exec-10] ________get ticket controller________ 
2023-10-08 02:10:44,164 [INFO] com.feedback.controller.DepartmentController [http-nio-8080-exec-9] _________ALL DEPT(page) CONTROLLER________ 
2023-10-08 02:10:44,174 [INFO] com.feedback.serviceImplementation.DepartmentServiceImpl [http-nio-8080-exec-9] Retured all Department, successsull 
2023-10-08 02:10:44,177 [INFO] com.feedback.serviceImplementation.TicketServiceImpl [http-nio-8080-exec-10] Ticket returned successfully. 
2023-10-08 02:10:44,177 [INFO] com.feedback.serviceImplementation.TicketServiceImpl [http-nio-8080-exec-10] Ticket returned successfully. 
2023-10-08 02:10:44,177 [INFO] com.feedback.serviceImplementation.TicketServiceImpl [http-nio-8080-exec-10] Ticket returned successfully. 
2023-10-08 02:10:44,177 [INFO] com.feedback.serviceImplementation.TicketServiceImpl [http-nio-8080-exec-10] Ticket returned successfully. 
2023-10-08 02:10:44,177 [INFO] com.feedback.serviceImplementation.TicketServiceImpl [http-nio-8080-exec-10] Ticket returned successfully. 
2023-10-08 02:10:44,177 [INFO] com.feedback.serviceImplementation.TicketServiceImpl [http-nio-8080-exec-10] Returned list of ticket. 
2023-10-08 02:10:44,374 [INFO] com.feedback.controller.DepartmentController [http-nio-8080-exec-1] _________ALL DEPT(page) CONTROLLER________ 
2023-10-08 02:10:44,374 [INFO] com.feedback.controller.TicketController [http-nio-8080-exec-2] ________get ticket controller________ 
2023-10-08 02:10:44,374 [INFO] com.feedback.serviceImplementation.DepartmentServiceImpl [http-nio-8080-exec-1] Retured all Department, successsull 
2023-10-08 02:10:44,380 [INFO] com.feedback.serviceImplementation.TicketServiceImpl [http-nio-8080-exec-2] Ticket returned successfully. 
2023-10-08 02:10:44,380 [INFO] com.feedback.serviceImplementation.TicketServiceImpl [http-nio-8080-exec-2] Ticket returned successfully. 
2023-10-08 02:10:44,380 [INFO] com.feedback.serviceImplementation.TicketServiceImpl [http-nio-8080-exec-2] Ticket returned successfully. 
2023-10-08 02:10:44,380 [INFO] com.feedback.serviceImplementation.TicketServiceImpl [http-nio-8080-exec-2] Ticket returned successfully. 
2023-10-08 02:10:44,380 [INFO] com.feedback.serviceImplementation.TicketServiceImpl [http-nio-8080-exec-2] Ticket returned successfully. 
2023-10-08 02:10:44,380 [INFO] com.feedback.serviceImplementation.TicketServiceImpl [http-nio-8080-exec-2] Returned list of ticket. 
2023-10-08 02:10:45,984 [INFO] com.feedback.controller.DepartmentController [http-nio-8080-exec-4] _________ALL DEPT(page) CONTROLLER________ 
2023-10-08 02:10:45,984 [INFO] com.feedback.serviceImplementation.DepartmentServiceImpl [http-nio-8080-exec-4] Retured all Department, successsull 
2023-10-08 02:10:47,748 [INFO] com.feedback.controller.DepartmentController [http-nio-8080-exec-5] _________ALL DEPT(page) CONTROLLER________ 
2023-10-08 02:10:47,748 [INFO] com.feedback.controller.TicketController [http-nio-8080-exec-3] ________get ticket controller________ 
2023-10-08 02:10:47,750 [INFO] com.feedback.serviceImplementation.DepartmentServiceImpl [http-nio-8080-exec-5] Retured all Department, successsull 
2023-10-08 02:10:47,752 [INFO] com.feedback.serviceImplementation.TicketServiceImpl [http-nio-8080-exec-3] Ticket returned successfully. 
2023-10-08 02:10:47,752 [INFO] com.feedback.serviceImplementation.TicketServiceImpl [http-nio-8080-exec-3] Ticket returned successfully. 
2023-10-08 02:10:47,752 [INFO] com.feedback.serviceImplementation.TicketServiceImpl [http-nio-8080-exec-3] Ticket returned successfully. 
2023-10-08 02:10:47,752 [INFO] com.feedback.serviceImplementation.TicketServiceImpl [http-nio-8080-exec-3] Ticket returned successfully. 
2023-10-08 02:10:47,752 [INFO] com.feedback.serviceImplementation.TicketServiceImpl [http-nio-8080-exec-3] Ticket returned successfully. 
2023-10-08 02:10:47,752 [INFO] com.feedback.serviceImplementation.TicketServiceImpl [http-nio-8080-exec-3] Returned list of ticket. 
2023-10-08 02:10:58,884 [INFO] com.feedback.controller.TicketController [http-nio-8080-exec-6] ________get ticket controller________ 
2023-10-08 02:10:58,884 [INFO] com.feedback.serviceImplementation.TicketServiceImpl [http-nio-8080-exec-6] Ticket returned successfully. 
2023-10-08 02:10:58,884 [INFO] com.feedback.serviceImplementation.TicketServiceImpl [http-nio-8080-exec-6] Ticket returned successfully. 
2023-10-08 02:10:58,884 [INFO] com.feedback.serviceImplementation.TicketServiceImpl [http-nio-8080-exec-6] Ticket returned successfully. 
2023-10-08 02:10:58,884 [INFO] com.feedback.serviceImplementation.TicketServiceImpl [http-nio-8080-exec-6] Ticket returned successfully. 
2023-10-08 02:10:58,884 [INFO] com.feedback.serviceImplementation.TicketServiceImpl [http-nio-8080-exec-6] Ticket returned successfully. 
2023-10-08 02:10:58,884 [INFO] com.feedback.serviceImplementation.TicketServiceImpl [http-nio-8080-exec-6] Returned list of ticket. 
2023-10-08 02:11:02,164 [INFO] com.feedback.controller.DepartmentController [http-nio-8080-exec-7] _________ALL DEPT(page) CONTROLLER________ 
2023-10-08 02:11:02,164 [INFO] com.feedback.serviceImplementation.DepartmentServiceImpl [http-nio-8080-exec-7] Retured all Department, successsull 
2023-10-08 02:11:04,417 [INFO] com.feedback.controller.TicketController [http-nio-8080-exec-8] ________get ticket controller________ 
2023-10-08 02:11:04,420 [INFO] com.feedback.serviceImplementation.TicketServiceImpl [http-nio-8080-exec-8] Ticket returned successfully. 
2023-10-08 02:11:04,421 [INFO] com.feedback.serviceImplementation.TicketServiceImpl [http-nio-8080-exec-8] Ticket returned successfully. 
2023-10-08 02:11:04,421 [INFO] com.feedback.serviceImplementation.TicketServiceImpl [http-nio-8080-exec-8] Ticket returned successfully. 
2023-10-08 02:11:04,421 [INFO] com.feedback.serviceImplementation.TicketServiceImpl [http-nio-8080-exec-8] Ticket returned successfully. 
2023-10-08 02:11:04,421 [INFO] com.feedback.serviceImplementation.TicketServiceImpl [http-nio-8080-exec-8] Ticket returned successfully. 
2023-10-08 02:11:04,421 [INFO] com.feedback.serviceImplementation.TicketServiceImpl [http-nio-8080-exec-8] Returned list of ticket. 
2023-10-08 02:11:07,672 [INFO] com.feedback.controller.DepartmentController [http-nio-8080-exec-9] _________ALL DEPT(page) CONTROLLER________ 
2023-10-08 02:11:07,674 [INFO] com.feedback.serviceImplementation.DepartmentServiceImpl [http-nio-8080-exec-9] Retured all Department, successsull 
2023-10-08 02:13:21,760 [INFO] com.feedback.controller.TicketController [http-nio-8080-exec-2] ________get ticket controller________ 
2023-10-08 02:13:21,765 [INFO] com.feedback.serviceImplementation.TicketServiceImpl [http-nio-8080-exec-2] Ticket returned successfully. 
2023-10-08 02:13:21,765 [INFO] com.feedback.serviceImplementation.TicketServiceImpl [http-nio-8080-exec-2] Ticket returned successfully. 
2023-10-08 02:13:21,766 [INFO] com.feedback.serviceImplementation.TicketServiceImpl [http-nio-8080-exec-2] Ticket returned successfully. 
2023-10-08 02:13:21,766 [INFO] com.feedback.serviceImplementation.TicketServiceImpl [http-nio-8080-exec-2] Ticket returned successfully. 
2023-10-08 02:13:21,766 [INFO] com.feedback.serviceImplementation.TicketServiceImpl [http-nio-8080-exec-2] Ticket returned successfully. 
2023-10-08 02:13:21,766 [INFO] com.feedback.serviceImplementation.TicketServiceImpl [http-nio-8080-exec-2] Returned list of ticket. 
2023-10-08 02:13:24,172 [INFO] com.feedback.controller.DepartmentController [http-nio-8080-exec-4] _________ALL DEPT(page) CONTROLLER________ 
2023-10-08 02:13:24,174 [INFO] com.feedback.serviceImplementation.DepartmentServiceImpl [http-nio-8080-exec-4] Retured all Department, successsull 
2023-10-08 02:13:27,213 [INFO] com.feedback.controller.TicketController [http-nio-8080-exec-5] ________get ticket controller________ 
2023-10-08 02:13:27,216 [INFO] com.feedback.serviceImplementation.TicketServiceImpl [http-nio-8080-exec-5] Ticket returned successfully. 
2023-10-08 02:13:27,216 [INFO] com.feedback.serviceImplementation.TicketServiceImpl [http-nio-8080-exec-5] Ticket returned successfully. 
2023-10-08 02:13:27,216 [INFO] com.feedback.serviceImplementation.TicketServiceImpl [http-nio-8080-exec-5] Ticket returned successfully. 
2023-10-08 02:13:27,216 [INFO] com.feedback.serviceImplementation.TicketServiceImpl [http-nio-8080-exec-5] Ticket returned successfully. 
2023-10-08 02:13:27,216 [INFO] com.feedback.serviceImplementation.TicketServiceImpl [http-nio-8080-exec-5] Ticket returned successfully. 
2023-10-08 02:13:27,216 [INFO] com.feedback.serviceImplementation.TicketServiceImpl [http-nio-8080-exec-5] Returned list of ticket. 
2023-10-08 02:14:36,275 [INFO] com.feedback.controller.DepartmentController [http-nio-8080-exec-6] _________ALL DEPT(page) CONTROLLER________ 
2023-10-08 02:14:36,277 [INFO] com.feedback.serviceImplementation.DepartmentServiceImpl [http-nio-8080-exec-6] Retured all Department, successsull 
2023-10-08 02:14:38,616 [INFO] com.feedback.controller.TicketController [http-nio-8080-exec-7] ________get ticket controller________ 
2023-10-08 02:14:38,616 [INFO] com.feedback.serviceImplementation.TicketServiceImpl [http-nio-8080-exec-7] Ticket returned successfully. 
2023-10-08 02:14:38,616 [INFO] com.feedback.serviceImplementation.TicketServiceImpl [http-nio-8080-exec-7] Ticket returned successfully. 
2023-10-08 02:14:38,616 [INFO] com.feedback.serviceImplementation.TicketServiceImpl [http-nio-8080-exec-7] Ticket returned successfully. 
2023-10-08 02:14:38,616 [INFO] com.feedback.serviceImplementation.TicketServiceImpl [http-nio-8080-exec-7] Ticket returned successfully. 
2023-10-08 02:14:38,616 [INFO] com.feedback.serviceImplementation.TicketServiceImpl [http-nio-8080-exec-7] Ticket returned successfully. 
2023-10-08 02:14:38,616 [INFO] com.feedback.serviceImplementation.TicketServiceImpl [http-nio-8080-exec-7] Returned list of ticket. 
2023-10-08 02:14:40,061 [INFO] com.feedback.controller.DepartmentController [http-nio-8080-exec-8] _________ALL DEPT(page) CONTROLLER________ 
2023-10-08 02:14:40,062 [INFO] com.feedback.serviceImplementation.DepartmentServiceImpl [http-nio-8080-exec-8] Retured all Department, successsull 
2023-10-08 02:14:42,950 [INFO] com.feedback.controller.TicketController [http-nio-8080-exec-9] ________get ticket controller________ 
2023-10-08 02:14:42,954 [INFO] com.feedback.serviceImplementation.TicketServiceImpl [http-nio-8080-exec-9] Ticket returned successfully. 
2023-10-08 02:14:42,954 [INFO] com.feedback.serviceImplementation.TicketServiceImpl [http-nio-8080-exec-9] Ticket returned successfully. 
2023-10-08 02:14:42,954 [INFO] com.feedback.serviceImplementation.TicketServiceImpl [http-nio-8080-exec-9] Ticket returned successfully. 
2023-10-08 02:14:42,954 [INFO] com.feedback.serviceImplementation.TicketServiceImpl [http-nio-8080-exec-9] Ticket returned successfully. 
2023-10-08 02:14:42,954 [INFO] com.feedback.serviceImplementation.TicketServiceImpl [http-nio-8080-exec-9] Ticket returned successfully. 
2023-10-08 02:14:42,954 [INFO] com.feedback.serviceImplementation.TicketServiceImpl [http-nio-8080-exec-9] Returned list of ticket. 
2023-10-08 02:14:44,139 [INFO] com.feedback.controller.DepartmentController [http-nio-8080-exec-10] _________ALL DEPT(page) CONTROLLER________ 
2023-10-08 02:14:44,141 [INFO] com.feedback.serviceImplementation.DepartmentServiceImpl [http-nio-8080-exec-10] Retured all Department, successsull 
2023-10-08 02:14:47,882 [INFO] com.feedback.controller.TicketController [http-nio-8080-exec-1] ________get ticket controller________ 
2023-10-08 02:14:47,886 [INFO] com.feedback.serviceImplementation.TicketServiceImpl [http-nio-8080-exec-1] Ticket returned successfully. 
2023-10-08 02:14:47,886 [INFO] com.feedback.serviceImplementation.TicketServiceImpl [http-nio-8080-exec-1] Ticket returned successfully. 
2023-10-08 02:14:47,886 [INFO] com.feedback.serviceImplementation.TicketServiceImpl [http-nio-8080-exec-1] Ticket returned successfully. 
2023-10-08 02:14:47,886 [INFO] com.feedback.serviceImplementation.TicketServiceImpl [http-nio-8080-exec-1] Ticket returned successfully. 
2023-10-08 02:14:47,886 [INFO] com.feedback.serviceImplementation.TicketServiceImpl [http-nio-8080-exec-1] Ticket returned successfully. 
2023-10-08 02:14:47,886 [INFO] com.feedback.serviceImplementation.TicketServiceImpl [http-nio-8080-exec-1] Returned list of ticket. 
2023-10-08 02:14:49,435 [INFO] com.feedback.controller.DepartmentController [http-nio-8080-exec-2] _________ALL DEPT(page) CONTROLLER________ 
2023-10-08 02:14:49,436 [INFO] com.feedback.serviceImplementation.DepartmentServiceImpl [http-nio-8080-exec-2] Retured all Department, successsull 
2023-10-08 02:16:38,373 [INFO] com.feedback.serviceImplementation.AuthenticationServiceImpl [http-nio-8080-exec-3] Authorised = true 
2023-10-08 02:16:38,374 [INFO] com.feedback.serviceImplementation.AuthenticationServiceImpl [http-nio-8080-exec-3] Authorised = true 
2023-10-08 02:16:38,374 [INFO] com.feedback.controller.DepartmentController [http-nio-8080-exec-3] _________ADD DEPT CONTROLLER________ 
2023-10-08 02:16:38,376 [INFO] com.feedback.serviceImplementation.DepartmentServiceImpl [http-nio-8080-exec-3] Department exist =- true 
2023-10-08 02:16:49,240 [INFO] com.feedback.serviceImplementation.AuthenticationServiceImpl [http-nio-8080-exec-7] Authorised = true 
2023-10-08 02:16:49,241 [INFO] com.feedback.serviceImplementation.AuthenticationServiceImpl [http-nio-8080-exec-7] Authorised = true 
2023-10-08 02:16:49,242 [INFO] com.feedback.controller.DepartmentController [http-nio-8080-exec-7] _________ADD DEPT CONTROLLER________ 
2023-10-08 02:16:49,243 [INFO] com.feedback.serviceImplementation.DepartmentServiceImpl [http-nio-8080-exec-7] Department exist =- false 
2023-10-08 02:16:49,243 [INFO] com.feedback.serviceImplementation.DepartmentServiceImpl [http-nio-8080-exec-7] Saved Department 
2023-10-08 02:17:01,199 [INFO] com.feedback.controller.TicketController [http-nio-8080-exec-8] ________get ticket controller________ 
2023-10-08 02:17:01,204 [INFO] com.feedback.serviceImplementation.TicketServiceImpl [http-nio-8080-exec-8] Ticket returned successfully. 
2023-10-08 02:17:01,204 [INFO] com.feedback.serviceImplementation.TicketServiceImpl [http-nio-8080-exec-8] Ticket returned successfully. 
2023-10-08 02:17:01,204 [INFO] com.feedback.serviceImplementation.TicketServiceImpl [http-nio-8080-exec-8] Ticket returned successfully. 
2023-10-08 02:17:01,204 [INFO] com.feedback.serviceImplementation.TicketServiceImpl [http-nio-8080-exec-8] Ticket returned successfully. 
2023-10-08 02:17:01,204 [INFO] com.feedback.serviceImplementation.TicketServiceImpl [http-nio-8080-exec-8] Ticket returned successfully. 
2023-10-08 02:17:01,204 [INFO] com.feedback.serviceImplementation.TicketServiceImpl [http-nio-8080-exec-8] Returned list of ticket. 
2023-10-08 02:17:03,564 [INFO] com.feedback.controller.DepartmentController [http-nio-8080-exec-9] _________ALL DEPT(page) CONTROLLER________ 
2023-10-08 02:17:03,567 [INFO] com.feedback.serviceImplementation.DepartmentServiceImpl [http-nio-8080-exec-9] Retured all Department, successsull 
2023-10-08 02:17:05,341 [INFO] com.feedback.controller.DepartmentController [http-nio-8080-exec-10] _________ALL DEPT(page) CONTROLLER________ 
2023-10-08 02:17:05,343 [INFO] com.feedback.serviceImplementation.DepartmentServiceImpl [http-nio-8080-exec-10] Retured all Department, successsull 
2023-10-08 02:17:05,811 [INFO] com.feedback.controller.DepartmentController [http-nio-8080-exec-1] _________ALL DEPT(page) CONTROLLER________ 
2023-10-08 02:17:05,813 [INFO] com.feedback.serviceImplementation.DepartmentServiceImpl [http-nio-8080-exec-1] Retured all Department, successsull 
2023-10-08 02:17:09,697 [INFO] com.feedback.controller.DepartmentController [http-nio-8080-exec-2] _________DELETE DEPT CONTROLLER________ 
2023-10-08 02:17:09,711 [INFO] com.feedback.serviceImplementation.DepartmentServiceImpl [http-nio-8080-exec-2] Delete Department successful 
2023-10-08 02:17:09,717 [INFO] com.feedback.controller.DepartmentController [http-nio-8080-exec-4] _________ALL DEPT(page) CONTROLLER________ 
2023-10-08 02:17:09,719 [INFO] com.feedback.serviceImplementation.DepartmentServiceImpl [http-nio-8080-exec-4] Retured all Department, successsull 
2023-10-08 02:17:12,817 [INFO] com.feedback.controller.DepartmentController [http-nio-8080-exec-5] _________ALL DEPT(page) CONTROLLER________ 
2023-10-08 02:17:12,820 [INFO] com.feedback.serviceImplementation.DepartmentServiceImpl [http-nio-8080-exec-5] Retured all Department, successsull 
2023-10-08 02:17:13,349 [INFO] com.feedback.controller.DepartmentController [http-nio-8080-exec-3] _________ALL DEPT(page) CONTROLLER________ 
2023-10-08 02:17:13,351 [INFO] com.feedback.serviceImplementation.DepartmentServiceImpl [http-nio-8080-exec-3] Retured all Department, successsull 
2023-10-08 02:17:17,061 [INFO] com.feedback.controller.DepartmentController [http-nio-8080-exec-6] _________ALL DEPT(page) CONTROLLER________ 
2023-10-08 02:17:17,063 [INFO] com.feedback.serviceImplementation.DepartmentServiceImpl [http-nio-8080-exec-6] Retured all Department, successsull 
2023-10-08 02:17:17,820 [INFO] com.feedback.controller.DepartmentController [http-nio-8080-exec-7] _________ALL DEPT(page) CONTROLLER________ 
2023-10-08 02:17:17,821 [INFO] com.feedback.serviceImplementation.DepartmentServiceImpl [http-nio-8080-exec-7] Retured all Department, successsull 
2023-10-08 02:17:41,778 [INFO] com.feedback.serviceImplementation.AuthenticationServiceImpl [http-nio-8080-exec-9] Authorised = true 
2023-10-08 02:17:41,780 [INFO] com.feedback.serviceImplementation.AuthenticationServiceImpl [http-nio-8080-exec-9] Authorised = true 
2023-10-08 02:17:41,781 [INFO] com.feedback.controller.DepartmentController [http-nio-8080-exec-9] _________ADD DEPT CONTROLLER________ 
2023-10-08 02:17:41,782 [INFO] com.feedback.serviceImplementation.DepartmentServiceImpl [http-nio-8080-exec-9] Department exist =- false 
2023-10-08 02:17:41,782 [INFO] com.feedback.serviceImplementation.DepartmentServiceImpl [http-nio-8080-exec-9] Saved Department 
2023-10-08 02:17:50,018 [INFO] com.feedback.controller.TicketController [http-nio-8080-exec-1] ________get ticket controller________ 
2023-10-08 02:17:50,022 [INFO] com.feedback.serviceImplementation.TicketServiceImpl [http-nio-8080-exec-1] Ticket returned successfully. 
2023-10-08 02:17:50,022 [INFO] com.feedback.serviceImplementation.TicketServiceImpl [http-nio-8080-exec-1] Ticket returned successfully. 
2023-10-08 02:17:50,022 [INFO] com.feedback.serviceImplementation.TicketServiceImpl [http-nio-8080-exec-1] Ticket returned successfully. 
2023-10-08 02:17:50,022 [INFO] com.feedback.serviceImplementation.TicketServiceImpl [http-nio-8080-exec-1] Ticket returned successfully. 
2023-10-08 02:17:50,022 [INFO] com.feedback.serviceImplementation.TicketServiceImpl [http-nio-8080-exec-1] Ticket returned successfully. 
2023-10-08 02:17:50,022 [INFO] com.feedback.serviceImplementation.TicketServiceImpl [http-nio-8080-exec-1] Returned list of ticket. 
2023-10-08 02:17:52,124 [INFO] com.feedback.controller.DepartmentController [http-nio-8080-exec-2] _________ALL DEPT(page) CONTROLLER________ 
2023-10-08 02:17:52,127 [INFO] com.feedback.serviceImplementation.DepartmentServiceImpl [http-nio-8080-exec-2] Retured all Department, successsull 
2023-10-08 02:19:46,530 [INFO] com.feedback.controller.TicketController [http-nio-8080-exec-5] ________get ticket controller________ 
2023-10-08 02:19:46,534 [INFO] com.feedback.serviceImplementation.TicketServiceImpl [http-nio-8080-exec-5] Ticket returned successfully. 
2023-10-08 02:19:46,534 [INFO] com.feedback.serviceImplementation.TicketServiceImpl [http-nio-8080-exec-5] Ticket returned successfully. 
2023-10-08 02:19:46,534 [INFO] com.feedback.serviceImplementation.TicketServiceImpl [http-nio-8080-exec-5] Ticket returned successfully. 
2023-10-08 02:19:46,534 [INFO] com.feedback.serviceImplementation.TicketServiceImpl [http-nio-8080-exec-5] Ticket returned successfully. 
2023-10-08 02:19:46,534 [INFO] com.feedback.serviceImplementation.TicketServiceImpl [http-nio-8080-exec-5] Ticket returned successfully. 
2023-10-08 02:19:46,535 [INFO] com.feedback.serviceImplementation.TicketServiceImpl [http-nio-8080-exec-5] Returned list of ticket. 
2023-10-08 02:20:09,292 [INFO] com.feedback.controller.DepartmentController [http-nio-8080-exec-6] _________ALL DEPT(page) CONTROLLER________ 
2023-10-08 02:20:09,293 [INFO] com.feedback.serviceImplementation.DepartmentServiceImpl [http-nio-8080-exec-6] Retured all Department, successsull 
2023-10-08 02:20:41,564 [INFO] com.feedback.controller.TicketController [http-nio-8080-exec-8] ________get ticket controller________ 
2023-10-08 02:20:41,568 [INFO] com.feedback.serviceImplementation.TicketServiceImpl [http-nio-8080-exec-8] Ticket returned successfully. 
2023-10-08 02:20:41,568 [INFO] com.feedback.serviceImplementation.TicketServiceImpl [http-nio-8080-exec-8] Ticket returned successfully. 
2023-10-08 02:20:41,568 [INFO] com.feedback.serviceImplementation.TicketServiceImpl [http-nio-8080-exec-8] Ticket returned successfully. 
2023-10-08 02:20:41,568 [INFO] com.feedback.serviceImplementation.TicketServiceImpl [http-nio-8080-exec-8] Ticket returned successfully. 
2023-10-08 02:20:41,568 [INFO] com.feedback.serviceImplementation.TicketServiceImpl [http-nio-8080-exec-8] Ticket returned successfully. 
2023-10-08 02:20:41,568 [INFO] com.feedback.serviceImplementation.TicketServiceImpl [http-nio-8080-exec-8] Returned list of ticket. 
2023-10-08 02:20:44,633 [INFO] com.feedback.controller.DepartmentController [http-nio-8080-exec-9] _________ALL DEPT(page) CONTROLLER________ 
2023-10-08 02:20:44,634 [INFO] com.feedback.serviceImplementation.DepartmentServiceImpl [http-nio-8080-exec-9] Retured all Department, successsull 
2023-10-08 02:20:47,769 [INFO] com.feedback.controller.TicketController [http-nio-8080-exec-10] ________get ticket controller________ 
2023-10-08 02:20:47,774 [INFO] com.feedback.serviceImplementation.TicketServiceImpl [http-nio-8080-exec-10] Ticket returned successfully. 
2023-10-08 02:20:47,774 [INFO] com.feedback.serviceImplementation.TicketServiceImpl [http-nio-8080-exec-10] Ticket returned successfully. 
2023-10-08 02:20:47,774 [INFO] com.feedback.serviceImplementation.TicketServiceImpl [http-nio-8080-exec-10] Ticket returned successfully. 
2023-10-08 02:20:47,774 [INFO] com.feedback.serviceImplementation.TicketServiceImpl [http-nio-8080-exec-10] Ticket returned successfully. 
2023-10-08 02:20:47,774 [INFO] com.feedback.serviceImplementation.TicketServiceImpl [http-nio-8080-exec-10] Ticket returned successfully. 
2023-10-08 02:20:47,774 [INFO] com.feedback.serviceImplementation.TicketServiceImpl [http-nio-8080-exec-10] Returned list of ticket. 
2023-10-08 02:20:51,071 [INFO] com.feedback.controller.DepartmentController [http-nio-8080-exec-2] _________ALL DEPT(page) CONTROLLER________ 
2023-10-08 02:20:51,074 [INFO] com.feedback.serviceImplementation.DepartmentServiceImpl [http-nio-8080-exec-2] Retured all Department, successsull 
2023-10-08 02:20:55,694 [INFO] com.feedback.controller.TicketController [http-nio-8080-exec-4] ________get ticket controller________ 
2023-10-08 02:20:55,699 [INFO] com.feedback.serviceImplementation.TicketServiceImpl [http-nio-8080-exec-4] Ticket returned successfully. 
2023-10-08 02:20:55,699 [INFO] com.feedback.serviceImplementation.TicketServiceImpl [http-nio-8080-exec-4] Ticket returned successfully. 
2023-10-08 02:20:55,699 [INFO] com.feedback.serviceImplementation.TicketServiceImpl [http-nio-8080-exec-4] Ticket returned successfully. 
2023-10-08 02:20:55,699 [INFO] com.feedback.serviceImplementation.TicketServiceImpl [http-nio-8080-exec-4] Ticket returned successfully. 
2023-10-08 02:20:55,699 [INFO] com.feedback.serviceImplementation.TicketServiceImpl [http-nio-8080-exec-4] Ticket returned successfully. 
2023-10-08 02:20:55,699 [INFO] com.feedback.serviceImplementation.TicketServiceImpl [http-nio-8080-exec-4] Returned list of ticket. 
2023-10-08 02:21:09,077 [INFO] com.feedback.controller.TicketController [http-nio-8080-exec-3] _____get ticket(id) controller________ 
2023-10-08 02:21:09,088 [INFO] com.feedback.serviceImplementation.TicketServiceImpl [http-nio-8080-exec-3] Returned ticked successfully. 
2023-10-08 02:22:46,601 [INFO] org.springframework.boot.admin.SpringApplicationAdminMXBeanRegistrar$SpringApplicationAdmin [RMI TCP Connection(34)-127.0.0.1] Application shutdown requested. 
2023-10-08 02:22:46,608 [INFO] org.apache.catalina.core.StandardService [RMI TCP Connection(34)-127.0.0.1] Stopping service [Tomcat] 
2023-10-08 02:22:46,609 [INFO] org.apache.catalina.core.ContainerBase.[Tomcat].[localhost].[/] [RMI TCP Connection(34)-127.0.0.1] Destroying Spring FrameworkServlet 'dispatcherServlet' 
2023-10-08 02:22:46,612 [WARN] org.apache.catalina.loader.WebappClassLoaderBase [RMI TCP Connection(34)-127.0.0.1] The web application [ROOT] appears to have started a thread named [HikariPool-1 housekeeper] but has failed to stop it. This is very likely to create a memory leak. Stack trace of thread:
 java.base@17.0.7/jdk.internal.misc.Unsafe.park(Native Method)
 java.base@17.0.7/java.util.concurrent.locks.LockSupport.parkNanos(LockSupport.java:252)
 java.base@17.0.7/java.util.concurrent.locks.AbstractQueuedSynchronizer$ConditionObject.awaitNanos(AbstractQueuedSynchronizer.java:1672)
 java.base@17.0.7/java.util.concurrent.ScheduledThreadPoolExecutor$DelayedWorkQueue.take(ScheduledThreadPoolExecutor.java:1182)
 java.base@17.0.7/java.util.concurrent.ScheduledThreadPoolExecutor$DelayedWorkQueue.take(ScheduledThreadPoolExecutor.java:899)
 java.base@17.0.7/java.util.concurrent.ThreadPoolExecutor.getTask(ThreadPoolExecutor.java:1062)
 java.base@17.0.7/java.util.concurrent.ThreadPoolExecutor.runWorker(ThreadPoolExecutor.java:1122)
 java.base@17.0.7/java.util.concurrent.ThreadPoolExecutor$Worker.run(ThreadPoolExecutor.java:635)
 java.base@17.0.7/java.lang.Thread.run(Thread.java:833) 
2023-10-08 02:22:46,616 [INFO] org.springframework.orm.jpa.LocalContainerEntityManagerFactoryBean [RMI TCP Connection(34)-127.0.0.1] Closing JPA EntityManagerFactory for persistence unit 'default' 
2023-10-08 02:22:46,620 [INFO] com.zaxxer.hikari.HikariDataSource [RMI TCP Connection(34)-127.0.0.1] HikariPool-1 - Shutdown initiated... 
2023-10-08 02:22:46,622 [INFO] com.zaxxer.hikari.HikariDataSource [RMI TCP Connection(34)-127.0.0.1] HikariPool-1 - Shutdown completed. 
